CRITICAL - 2022-01-23 09:26:48 --> Class "App\Models\RevisicustModel" not found
#0 C:\xampp\htdocs\scm\system\CodeIgniter.php(801): App\Controllers\Customer->__construct()
#1 C:\xampp\htdocs\scm\system\CodeIgniter.php(401): CodeIgniter\CodeIgniter->createController()
#2 C:\xampp\htdocs\scm\system\CodeIgniter.php(318): CodeIgniter\CodeIgniter->handleRequest(NULL, Object(Config\Cache), false)
#3 C:\xampp\htdocs\scm\public\index.php(37): CodeIgniter\CodeIgniter->run()
#4 {main}
CRITICAL - 2022-01-23 09:27:50 --> Call to undefined method App\Models\CustModel::getPo
#0 C:\xampp\htdocs\scm\app\Controllers\Customer.php(180): CodeIgniter\Model->__call('getPo', Array)
#1 C:\xampp\htdocs\scm\system\CodeIgniter.php(824): App\Controllers\Customer->saverevisi()
#2 C:\xampp\htdocs\scm\system\CodeIgniter.php(410): CodeIgniter\CodeIgniter->runController(Object(App\Controllers\Customer))
#3 C:\xampp\htdocs\scm\system\CodeIgniter.php(318): CodeIgniter\CodeIgniter->handleRequest(NULL, Object(Config\Cache), false)
#4 C:\xampp\htdocs\scm\public\index.php(37): CodeIgniter\CodeIgniter->run()
#5 {main}
ERROR - 2022-01-23 09:28:42 --> Unknown column 'updated_at' in 'field list'
CRITICAL - 2022-01-23 09:28:42 --> Unknown column 'updated_at' in 'field list'
#0 C:\xampp\htdocs\scm\system\Database\MySQLi\Connection.php(292): mysqli->query('INSERT INTO `hi...', 0)
#1 C:\xampp\htdocs\scm\system\Database\BaseConnection.php(670): CodeIgniter\Database\MySQLi\Connection->execute('INSERT INTO `hi...')
#2 C:\xampp\htdocs\scm\system\Database\BaseConnection.php(598): CodeIgniter\Database\BaseConnection->simpleQuery('INSERT INTO `hi...')
#3 C:\xampp\htdocs\scm\system\Database\BaseBuilder.php(1759): CodeIgniter\Database\BaseConnection->query('INSERT INTO `hi...', Array, false)
#4 C:\xampp\htdocs\scm\system\Model.php(239): CodeIgniter\Database\BaseBuilder->insert()
#5 C:\xampp\htdocs\scm\system\BaseModel.php(738): CodeIgniter\Model->doInsert(Array)
#6 C:\xampp\htdocs\scm\system\Model.php(620): CodeIgniter\BaseModel->insert(Array, false)
#7 C:\xampp\htdocs\scm\system\BaseModel.php(658): CodeIgniter\Model->insert(Array, false)
#8 C:\xampp\htdocs\scm\app\Controllers\Customer.php(205): CodeIgniter\BaseModel->save(Array)
#9 C:\xampp\htdocs\scm\system\CodeIgniter.php(824): App\Controllers\Customer->saverevisi()
#10 C:\xampp\htdocs\scm\system\CodeIgniter.php(410): CodeIgniter\CodeIgniter->runController(Object(App\Controllers\Customer))
#11 C:\xampp\htdocs\scm\system\CodeIgniter.php(318): CodeIgniter\CodeIgniter->handleRequest(NULL, Object(Config\Cache), false)
#12 C:\xampp\htdocs\scm\public\index.php(37): CodeIgniter\CodeIgniter->run()
#13 {main}
ERROR - 2022-01-23 09:31:16 --> Unknown column 'created_at' in 'field list'
CRITICAL - 2022-01-23 09:31:16 --> Unknown column 'created_at' in 'field list'
#0 C:\xampp\htdocs\scm\system\Database\MySQLi\Connection.php(292): mysqli->query('INSERT INTO `hi...', 0)
#1 C:\xampp\htdocs\scm\system\Database\BaseConnection.php(670): CodeIgniter\Database\MySQLi\Connection->execute('INSERT INTO `hi...')
#2 C:\xampp\htdocs\scm\system\Database\BaseConnection.php(598): CodeIgniter\Database\BaseConnection->simpleQuery('INSERT INTO `hi...')
#3 C:\xampp\htdocs\scm\system\Database\BaseBuilder.php(1759): CodeIgniter\Database\BaseConnection->query('INSERT INTO `hi...', Array, false)
#4 C:\xampp\htdocs\scm\system\Model.php(239): CodeIgniter\Database\BaseBuilder->insert()
#5 C:\xampp\htdocs\scm\system\BaseModel.php(738): CodeIgniter\Model->doInsert(Array)
#6 C:\xampp\htdocs\scm\system\Model.php(620): CodeIgniter\BaseModel->insert(Array, false)
#7 C:\xampp\htdocs\scm\system\BaseModel.php(658): CodeIgniter\Model->insert(Array, false)
#8 C:\xampp\htdocs\scm\app\Controllers\Customer.php(205): CodeIgniter\BaseModel->save(Array)
#9 C:\xampp\htdocs\scm\system\CodeIgniter.php(824): App\Controllers\Customer->saverevisi()
#10 C:\xampp\htdocs\scm\system\CodeIgniter.php(410): CodeIgniter\CodeIgniter->runController(Object(App\Controllers\Customer))
#11 C:\xampp\htdocs\scm\system\CodeIgniter.php(318): CodeIgniter\CodeIgniter->handleRequest(NULL, Object(Config\Cache), false)
#12 C:\xampp\htdocs\scm\public\index.php(37): CodeIgniter\CodeIgniter->run()
#13 {main}
