CRITICAL - 2021-12-25 01:23:40 --> Undefined array key "customer"
#0 C:\xampp\htdocs\scm\app\Views\index.php(29): CodeIgniter\Debug\Exceptions->errorHandler(2, 'Undefined array...', 'C:\\xampp\\htdocs...', 29)
#1 C:\xampp\htdocs\scm\system\View\View.php(214): include('C:\\xampp\\htdocs...')
#2 C:\xampp\htdocs\scm\system\View\View.php(217): CodeIgniter\View\View->CodeIgniter\View\{closure}()
#3 C:\xampp\htdocs\scm\system\Common.php(1097): CodeIgniter\View\View->render('index', Array, true)
#4 C:\xampp\htdocs\scm\app\Controllers\Customer.php(25): view('index', Array)
#5 C:\xampp\htdocs\scm\system\CodeIgniter.php(824): App\Controllers\Customer->index()
#6 C:\xampp\htdocs\scm\system\CodeIgniter.php(410): CodeIgniter\CodeIgniter->runController(Object(App\Controllers\Customer))
#7 C:\xampp\htdocs\scm\system\CodeIgniter.php(318): CodeIgniter\CodeIgniter->handleRequest(NULL, Object(Config\Cache), false)
#8 C:\xampp\htdocs\scm\public\index.php(37): CodeIgniter\CodeIgniter->run()
#9 {main}
CRITICAL - 2021-12-25 01:59:00 --> Undefined variable $validation
#0 C:\xampp\htdocs\scm\app\Views\buat.php(31): CodeIgniter\Debug\Exceptions->errorHandler(2, 'Undefined varia...', 'C:\\xampp\\htdocs...', 31)
#1 C:\xampp\htdocs\scm\system\View\View.php(214): include('C:\\xampp\\htdocs...')
#2 C:\xampp\htdocs\scm\system\View\View.php(217): CodeIgniter\View\View->CodeIgniter\View\{closure}()
#3 C:\xampp\htdocs\scm\system\Common.php(1097): CodeIgniter\View\View->render('buat', Array, true)
#4 C:\xampp\htdocs\scm\app\Controllers\Customer.php(45): view('buat', Array)
#5 C:\xampp\htdocs\scm\system\CodeIgniter.php(824): App\Controllers\Customer->buat()
#6 C:\xampp\htdocs\scm\system\CodeIgniter.php(410): CodeIgniter\CodeIgniter->runController(Object(App\Controllers\Customer))
#7 C:\xampp\htdocs\scm\system\CodeIgniter.php(318): CodeIgniter\CodeIgniter->handleRequest(NULL, Object(Config\Cache), false)
#8 C:\xampp\htdocs\scm\public\index.php(37): CodeIgniter\CodeIgniter->run()
#9 {main}
CRITICAL - 2021-12-25 02:15:17 --> syntax error, unexpected token "<"
#0 C:\xampp\htdocs\scm\system\Autoloader\Autoloader.php(241): CodeIgniter\Autoloader\Autoloader->includeFile('C:\\xampp\\htdocs...')
#1 C:\xampp\htdocs\scm\system\Autoloader\Autoloader.php(219): CodeIgniter\Autoloader\Autoloader->loadInNamespace('App\\Controllers...')
#2 [internal function]: CodeIgniter\Autoloader\Autoloader->loadClass('App\\Controllers...')
#3 C:\xampp\htdocs\scm\system\CodeIgniter.php(789): class_exists('\\App\\Controller...', true)
#4 C:\xampp\htdocs\scm\system\CodeIgniter.php(397): CodeIgniter\CodeIgniter->startController()
#5 C:\xampp\htdocs\scm\system\CodeIgniter.php(318): CodeIgniter\CodeIgniter->handleRequest(NULL, Object(Config\Cache), false)
#6 C:\xampp\htdocs\scm\public\index.php(37): CodeIgniter\CodeIgniter->run()
#7 {main}
CRITICAL - 2021-12-25 02:15:53 --> Undefined array key "nama_customer"
#0 C:\xampp\htdocs\scm\app\Controllers\Customer.php(64): CodeIgniter\Debug\Exceptions->errorHandler(2, 'Undefined array...', 'C:\\xampp\\htdocs...', 64)
#1 C:\xampp\htdocs\scm\system\CodeIgniter.php(824): App\Controllers\Customer->Save()
#2 C:\xampp\htdocs\scm\system\CodeIgniter.php(410): CodeIgniter\CodeIgniter->runController(Object(App\Controllers\Customer))
#3 C:\xampp\htdocs\scm\system\CodeIgniter.php(318): CodeIgniter\CodeIgniter->handleRequest(NULL, Object(Config\Cache), false)
#4 C:\xampp\htdocs\scm\public\index.php(37): CodeIgniter\CodeIgniter->run()
#5 {main}
CRITICAL - 2021-12-25 02:16:22 --> Undefined array key "nama_customer[]"
#0 C:\xampp\htdocs\scm\app\Controllers\Customer.php(64): CodeIgniter\Debug\Exceptions->errorHandler(2, 'Undefined array...', 'C:\\xampp\\htdocs...', 64)
#1 C:\xampp\htdocs\scm\system\CodeIgniter.php(824): App\Controllers\Customer->Save()
#2 C:\xampp\htdocs\scm\system\CodeIgniter.php(410): CodeIgniter\CodeIgniter->runController(Object(App\Controllers\Customer))
#3 C:\xampp\htdocs\scm\system\CodeIgniter.php(318): CodeIgniter\CodeIgniter->handleRequest(NULL, Object(Config\Cache), false)
#4 C:\xampp\htdocs\scm\public\index.php(37): CodeIgniter\CodeIgniter->run()
#5 {main}
CRITICAL - 2021-12-25 02:29:41 --> Undefined array key "nama_customer"
#0 C:\xampp\htdocs\scm\app\Controllers\Customer.php(62): CodeIgniter\Debug\Exceptions->errorHandler(2, 'Undefined array...', 'C:\\xampp\\htdocs...', 62)
#1 C:\xampp\htdocs\scm\system\CodeIgniter.php(824): App\Controllers\Customer->save()
#2 C:\xampp\htdocs\scm\system\CodeIgniter.php(410): CodeIgniter\CodeIgniter->runController(Object(App\Controllers\Customer))
#3 C:\xampp\htdocs\scm\system\CodeIgniter.php(318): CodeIgniter\CodeIgniter->handleRequest(NULL, Object(Config\Cache), false)
#4 C:\xampp\htdocs\scm\public\index.php(37): CodeIgniter\CodeIgniter->run()
#5 {main}
CRITICAL - 2021-12-25 02:31:19 --> Undefined array key "alamat"
#0 C:\xampp\htdocs\scm\app\Controllers\Customer.php(69): CodeIgniter\Debug\Exceptions->errorHandler(2, 'Undefined array...', 'C:\\xampp\\htdocs...', 69)
#1 C:\xampp\htdocs\scm\system\CodeIgniter.php(824): App\Controllers\Customer->save()
#2 C:\xampp\htdocs\scm\system\CodeIgniter.php(410): CodeIgniter\CodeIgniter->runController(Object(App\Controllers\Customer))
#3 C:\xampp\htdocs\scm\system\CodeIgniter.php(318): CodeIgniter\CodeIgniter->handleRequest(NULL, Object(Config\Cache), false)
#4 C:\xampp\htdocs\scm\public\index.php(37): CodeIgniter\CodeIgniter->run()
#5 {main}
CRITICAL - 2021-12-25 02:31:53 --> Undefined array key "nama_customer"
#0 C:\xampp\htdocs\scm\app\Controllers\Customer.php(63): CodeIgniter\Debug\Exceptions->errorHandler(2, 'Undefined array...', 'C:\\xampp\\htdocs...', 63)
#1 C:\xampp\htdocs\scm\system\CodeIgniter.php(824): App\Controllers\Customer->save()
#2 C:\xampp\htdocs\scm\system\CodeIgniter.php(410): CodeIgniter\CodeIgniter->runController(Object(App\Controllers\Customer))
#3 C:\xampp\htdocs\scm\system\CodeIgniter.php(318): CodeIgniter\CodeIgniter->handleRequest(NULL, Object(Config\Cache), false)
#4 C:\xampp\htdocs\scm\public\index.php(37): CodeIgniter\CodeIgniter->run()
#5 {main}
CRITICAL - 2021-12-25 02:35:44 --> Undefined array key "nama_customer"
#0 C:\xampp\htdocs\scm\app\Controllers\Customer.php(64): CodeIgniter\Debug\Exceptions->errorHandler(2, 'Undefined array...', 'C:\\xampp\\htdocs...', 64)
#1 C:\xampp\htdocs\scm\system\CodeIgniter.php(824): App\Controllers\Customer->save()
#2 C:\xampp\htdocs\scm\system\CodeIgniter.php(410): CodeIgniter\CodeIgniter->runController(Object(App\Controllers\Customer))
#3 C:\xampp\htdocs\scm\system\CodeIgniter.php(318): CodeIgniter\CodeIgniter->handleRequest(NULL, Object(Config\Cache), false)
#4 C:\xampp\htdocs\scm\public\index.php(37): CodeIgniter\CodeIgniter->run()
#5 {main}
CRITICAL - 2021-12-25 02:48:20 --> Array to string conversion
#0 C:\xampp\htdocs\scm\app\Views\buat.php(69): CodeIgniter\Debug\Exceptions->errorHandler(2, 'Array to string...', 'C:\\xampp\\htdocs...', 69)
#1 C:\xampp\htdocs\scm\system\View\View.php(214): include('C:\\xampp\\htdocs...')
#2 C:\xampp\htdocs\scm\system\View\View.php(217): CodeIgniter\View\View->CodeIgniter\View\{closure}()
#3 C:\xampp\htdocs\scm\system\Common.php(1097): CodeIgniter\View\View->render('buat', Array, true)
#4 C:\xampp\htdocs\scm\app\Controllers\Customer.php(45): view('buat', Array)
#5 C:\xampp\htdocs\scm\system\CodeIgniter.php(824): App\Controllers\Customer->buat()
#6 C:\xampp\htdocs\scm\system\CodeIgniter.php(410): CodeIgniter\CodeIgniter->runController(Object(App\Controllers\Customer))
#7 C:\xampp\htdocs\scm\system\CodeIgniter.php(318): CodeIgniter\CodeIgniter->handleRequest(NULL, Object(Config\Cache), false)
#8 C:\xampp\htdocs\scm\public\index.php(37): CodeIgniter\CodeIgniter->run()
#9 {main}
CRITICAL - 2021-12-25 03:59:20 --> Too few arguments to function App\Controllers\Part::buat(), 0 passed in C:\xampp\htdocs\scm\system\CodeIgniter.php on line 824 and exactly 1 expected
#0 C:\xampp\htdocs\scm\system\CodeIgniter.php(824): App\Controllers\Part->buat()
#1 C:\xampp\htdocs\scm\system\CodeIgniter.php(410): CodeIgniter\CodeIgniter->runController(Object(App\Controllers\Part))
#2 C:\xampp\htdocs\scm\system\CodeIgniter.php(318): CodeIgniter\CodeIgniter->handleRequest(NULL, Object(Config\Cache), false)
#3 C:\xampp\htdocs\scm\public\index.php(37): CodeIgniter\CodeIgniter->run()
#4 {main}
CRITICAL - 2021-12-25 04:32:45 --> Undefined property: App\Controllers\Part::$input
#0 C:\xampp\htdocs\scm\app\Controllers\Part.php(19): CodeIgniter\Debug\Exceptions->errorHandler(2, 'Undefined prope...', 'C:\\xampp\\htdocs...', 19)
#1 C:\xampp\htdocs\scm\system\CodeIgniter.php(824): App\Controllers\Part->buat()
#2 C:\xampp\htdocs\scm\system\CodeIgniter.php(410): CodeIgniter\CodeIgniter->runController(Object(App\Controllers\Part))
#3 C:\xampp\htdocs\scm\system\CodeIgniter.php(318): CodeIgniter\CodeIgniter->handleRequest(NULL, Object(Config\Cache), false)
#4 C:\xampp\htdocs\scm\public\index.php(37): CodeIgniter\CodeIgniter->run()
#5 {main}
CRITICAL - 2021-12-25 04:52:38 --> syntax error, unexpected identifier "dd"
#0 C:\xampp\htdocs\scm\system\Autoloader\Autoloader.php(241): CodeIgniter\Autoloader\Autoloader->includeFile('C:\\xampp\\htdocs...')
#1 C:\xampp\htdocs\scm\system\Autoloader\Autoloader.php(219): CodeIgniter\Autoloader\Autoloader->loadInNamespace('App\\Controllers...')
#2 [internal function]: CodeIgniter\Autoloader\Autoloader->loadClass('App\\Controllers...')
#3 C:\xampp\htdocs\scm\system\CodeIgniter.php(789): class_exists('\\App\\Controller...', true)
#4 C:\xampp\htdocs\scm\system\CodeIgniter.php(397): CodeIgniter\CodeIgniter->startController()
#5 C:\xampp\htdocs\scm\system\CodeIgniter.php(318): CodeIgniter\CodeIgniter->handleRequest(NULL, Object(Config\Cache), false)
#6 C:\xampp\htdocs\scm\public\index.php(37): CodeIgniter\CodeIgniter->run()
#7 {main}
CRITICAL - 2021-12-25 04:52:50 --> Undefined variable $request
#0 C:\xampp\htdocs\scm\app\Controllers\Part.php(19): CodeIgniter\Debug\Exceptions->errorHandler(2, 'Undefined varia...', 'C:\\xampp\\htdocs...', 19)
#1 C:\xampp\htdocs\scm\system\CodeIgniter.php(824): App\Controllers\Part->buat()
#2 C:\xampp\htdocs\scm\system\CodeIgniter.php(410): CodeIgniter\CodeIgniter->runController(Object(App\Controllers\Part))
#3 C:\xampp\htdocs\scm\system\CodeIgniter.php(318): CodeIgniter\CodeIgniter->handleRequest(NULL, Object(Config\Cache), false)
#4 C:\xampp\htdocs\scm\public\index.php(37): CodeIgniter\CodeIgniter->run()
#5 {main}
CRITICAL - 2021-12-25 05:29:12 --> Undefined variable $id
#0 C:\xampp\htdocs\scm\app\Views\index.php(72): CodeIgniter\Debug\Exceptions->errorHandler(2, 'Undefined varia...', 'C:\\xampp\\htdocs...', 72)
#1 C:\xampp\htdocs\scm\system\View\View.php(214): include('C:\\xampp\\htdocs...')
#2 C:\xampp\htdocs\scm\system\View\View.php(217): CodeIgniter\View\View->CodeIgniter\View\{closure}()
#3 C:\xampp\htdocs\scm\system\Common.php(1097): CodeIgniter\View\View->render('index', Array, true)
#4 C:\xampp\htdocs\scm\app\Controllers\Customer.php(25): view('index', Array)
#5 C:\xampp\htdocs\scm\system\CodeIgniter.php(824): App\Controllers\Customer->index()
#6 C:\xampp\htdocs\scm\system\CodeIgniter.php(410): CodeIgniter\CodeIgniter->runController(Object(App\Controllers\Customer))
#7 C:\xampp\htdocs\scm\system\CodeIgniter.php(318): CodeIgniter\CodeIgniter->handleRequest(NULL, Object(Config\Cache), false)
#8 C:\xampp\htdocs\scm\public\index.php(37): CodeIgniter\CodeIgniter->run()
#9 {main}
