CRITICAL - 2022-01-25 00:51:23 --> mysqli_fetch_all(): Argument #1 ($result) must be of type mysqli_result, bool given
#0 C:\xampp\htdocs\scm\app\Views\buatpart.php(5): mysqli_fetch_all(false, 1)
#1 C:\xampp\htdocs\scm\system\View\View.php(214): include('C:\\xampp\\htdocs...')
#2 C:\xampp\htdocs\scm\system\View\View.php(217): CodeIgniter\View\View->CodeIgniter\View\{closure}()
#3 C:\xampp\htdocs\scm\system\Common.php(1097): CodeIgniter\View\View->render('buatpart', Array, true)
#4 C:\xampp\htdocs\scm\app\Controllers\Part.php(55): view('buatpart', Array)
#5 C:\xampp\htdocs\scm\system\CodeIgniter.php(824): App\Controllers\Part->buatpart('event.php')
#6 C:\xampp\htdocs\scm\system\CodeIgniter.php(410): CodeIgniter\CodeIgniter->runController(Object(App\Controllers\Part))
#7 C:\xampp\htdocs\scm\system\CodeIgniter.php(318): CodeIgniter\CodeIgniter->handleRequest(NULL, Object(Config\Cache), false)
#8 C:\xampp\htdocs\scm\public\index.php(37): CodeIgniter\CodeIgniter->run()
#9 {main}
CRITICAL - 2022-01-25 00:51:23 --> mysqli_fetch_all(): Argument #1 ($result) must be of type mysqli_result, bool given
#0 C:\xampp\htdocs\scm\app\Views\buatpart.php(5): mysqli_fetch_all(false, 1)
#1 C:\xampp\htdocs\scm\system\View\View.php(214): include('C:\\xampp\\htdocs...')
#2 C:\xampp\htdocs\scm\system\View\View.php(217): CodeIgniter\View\View->CodeIgniter\View\{closure}()
#3 C:\xampp\htdocs\scm\system\Common.php(1097): CodeIgniter\View\View->render('buatpart', Array, true)
#4 C:\xampp\htdocs\scm\app\Controllers\Part.php(55): view('buatpart', Array)
#5 C:\xampp\htdocs\scm\system\CodeIgniter.php(824): App\Controllers\Part->buatpart('tmpls', 'month.html')
#6 C:\xampp\htdocs\scm\system\CodeIgniter.php(410): CodeIgniter\CodeIgniter->runController(Object(App\Controllers\Part))
#7 C:\xampp\htdocs\scm\system\CodeIgniter.php(318): CodeIgniter\CodeIgniter->handleRequest(NULL, Object(Config\Cache), false)
#8 C:\xampp\htdocs\scm\public\index.php(37): CodeIgniter\CodeIgniter->run()
#9 {main}
CRITICAL - 2022-01-25 22:16:58 --> syntax error, unexpected single-quoted string "status", expecting "]"
#0 C:\xampp\htdocs\scm\system\Autoloader\Autoloader.php(241): CodeIgniter\Autoloader\Autoloader->includeFile('C:\\xampp\\htdocs...')
#1 C:\xampp\htdocs\scm\system\Autoloader\Autoloader.php(219): CodeIgniter\Autoloader\Autoloader->loadInNamespace('App\\Controllers...')
#2 [internal function]: CodeIgniter\Autoloader\Autoloader->loadClass('App\\Controllers...')
#3 C:\xampp\htdocs\scm\system\CodeIgniter.php(789): class_exists('\\App\\Controller...', true)
#4 C:\xampp\htdocs\scm\system\CodeIgniter.php(397): CodeIgniter\CodeIgniter->startController()
#5 C:\xampp\htdocs\scm\system\CodeIgniter.php(318): CodeIgniter\CodeIgniter->handleRequest(NULL, Object(Config\Cache), false)
#6 C:\xampp\htdocs\scm\public\index.php(37): CodeIgniter\CodeIgniter->run()
#7 {main}
