CRITICAL - 2021-12-23 21:15:43 --> Undefined variable $tittle
#0 C:\xampp\htdocs\scm\app\Views\template.php(5): CodeIgniter\Debug\Exceptions->errorHandler(2, 'Undefined varia...', 'C:\\xampp\\htdocs...', 5)
#1 C:\xampp\htdocs\scm\system\View\View.php(214): include('C:\\xampp\\htdocs...')
#2 C:\xampp\htdocs\scm\system\View\View.php(217): CodeIgniter\View\View->CodeIgniter\View\{closure}()
#3 C:\xampp\htdocs\scm\system\View\View.php(230): CodeIgniter\View\View->render('template', Array, true)
#4 C:\xampp\htdocs\scm\system\Common.php(1097): CodeIgniter\View\View->render('index', Array, true)
#5 C:\xampp\htdocs\scm\app\Controllers\Customer.php(9): view('index')
#6 C:\xampp\htdocs\scm\system\CodeIgniter.php(824): App\Controllers\Customer->index()
#7 C:\xampp\htdocs\scm\system\CodeIgniter.php(410): CodeIgniter\CodeIgniter->runController(Object(App\Controllers\Customer))
#8 C:\xampp\htdocs\scm\system\CodeIgniter.php(318): CodeIgniter\CodeIgniter->handleRequest(NULL, Object(Config\Cache), false)
#9 C:\xampp\htdocs\scm\public\index.php(37): CodeIgniter\CodeIgniter->run()
#10 {main}
CRITICAL - 2021-12-23 21:17:01 --> Undefined variable $tittle
#0 C:\xampp\htdocs\scm\app\Views\template.php(5): CodeIgniter\Debug\Exceptions->errorHandler(2, 'Undefined varia...', 'C:\\xampp\\htdocs...', 5)
#1 C:\xampp\htdocs\scm\system\View\View.php(214): include('C:\\xampp\\htdocs...')
#2 C:\xampp\htdocs\scm\system\View\View.php(217): CodeIgniter\View\View->CodeIgniter\View\{closure}()
#3 C:\xampp\htdocs\scm\system\View\View.php(230): CodeIgniter\View\View->render('template', Array, true)
#4 C:\xampp\htdocs\scm\system\Common.php(1097): CodeIgniter\View\View->render('index', Array, true)
#5 C:\xampp\htdocs\scm\app\Controllers\Customer.php(13): view('index')
#6 C:\xampp\htdocs\scm\system\CodeIgniter.php(824): App\Controllers\Customer->index()
#7 C:\xampp\htdocs\scm\system\CodeIgniter.php(410): CodeIgniter\CodeIgniter->runController(Object(App\Controllers\Customer))
#8 C:\xampp\htdocs\scm\system\CodeIgniter.php(318): CodeIgniter\CodeIgniter->handleRequest(NULL, Object(Config\Cache), false)
#9 C:\xampp\htdocs\scm\public\index.php(37): CodeIgniter\CodeIgniter->run()
#10 {main}
