CRITICAL - 2022-01-14 02:39:33 --> Undefined variable $extend
#0 C:\xampp\htdocs\scm\app\Views\production.php(1): CodeIgniter\Debug\Exceptions->errorHandler(2, 'Undefined varia...', 'C:\\xampp\\htdocs...', 1)
#1 C:\xampp\htdocs\scm\system\View\View.php(214): include('C:\\xampp\\htdocs...')
#2 C:\xampp\htdocs\scm\system\View\View.php(217): CodeIgniter\View\View->CodeIgniter\View\{closure}()
#3 C:\xampp\htdocs\scm\system\Common.php(1097): CodeIgniter\View\View->render('production', Array, true)
#4 C:\xampp\htdocs\scm\app\Controllers\Production.php(12): view('production', Array)
#5 C:\xampp\htdocs\scm\system\CodeIgniter.php(824): App\Controllers\Production->index()
#6 C:\xampp\htdocs\scm\system\CodeIgniter.php(410): CodeIgniter\CodeIgniter->runController(Object(App\Controllers\Production))
#7 C:\xampp\htdocs\scm\system\CodeIgniter.php(318): CodeIgniter\CodeIgniter->handleRequest(NULL, Object(Config\Cache), false)
#8 C:\xampp\htdocs\scm\public\index.php(37): CodeIgniter\CodeIgniter->run()
#9 {main}
CRITICAL - 2022-01-14 07:42:15 --> syntax error, unexpected token "}"
#0 C:\xampp\htdocs\scm\system\Autoloader\Autoloader.php(241): CodeIgniter\Autoloader\Autoloader->includeFile('C:\\xampp\\htdocs...')
#1 C:\xampp\htdocs\scm\system\Autoloader\Autoloader.php(219): CodeIgniter\Autoloader\Autoloader->loadInNamespace('App\\Controllers...')
#2 [internal function]: CodeIgniter\Autoloader\Autoloader->loadClass('App\\Controllers...')
#3 C:\xampp\htdocs\scm\system\CodeIgniter.php(789): class_exists('\\App\\Controller...', true)
#4 C:\xampp\htdocs\scm\system\CodeIgniter.php(397): CodeIgniter\CodeIgniter->startController()
#5 C:\xampp\htdocs\scm\system\CodeIgniter.php(318): CodeIgniter\CodeIgniter->handleRequest(NULL, Object(Config\Cache), false)
#6 C:\xampp\htdocs\scm\public\index.php(37): CodeIgniter\CodeIgniter->run()
#7 {main}
CRITICAL - 2022-01-14 07:42:49 --> Class "App\Models\Proses1Model" not found
#0 C:\xampp\htdocs\scm\system\CodeIgniter.php(801): App\Controllers\Part->__construct()
#1 C:\xampp\htdocs\scm\system\CodeIgniter.php(401): CodeIgniter\CodeIgniter->createController()
#2 C:\xampp\htdocs\scm\system\CodeIgniter.php(318): CodeIgniter\CodeIgniter->handleRequest(NULL, Object(Config\Cache), false)
#3 C:\xampp\htdocs\scm\public\index.php(37): CodeIgniter\CodeIgniter->run()
#4 {main}
CRITICAL - 2022-01-14 07:43:55 --> Class "App\Controllers\prosesModel" not found
#0 C:\xampp\htdocs\scm\system\CodeIgniter.php(801): App\Controllers\Part->__construct()
#1 C:\xampp\htdocs\scm\system\CodeIgniter.php(401): CodeIgniter\CodeIgniter->createController()
#2 C:\xampp\htdocs\scm\system\CodeIgniter.php(318): CodeIgniter\CodeIgniter->handleRequest(NULL, Object(Config\Cache), false)
#3 C:\xampp\htdocs\scm\public\index.php(37): CodeIgniter\CodeIgniter->run()
#4 {main}
CRITICAL - 2022-01-14 07:44:58 --> Class "App\Controllers\proses1Model" not found
#0 C:\xampp\htdocs\scm\system\CodeIgniter.php(801): App\Controllers\Part->__construct()
#1 C:\xampp\htdocs\scm\system\CodeIgniter.php(401): CodeIgniter\CodeIgniter->createController()
#2 C:\xampp\htdocs\scm\system\CodeIgniter.php(318): CodeIgniter\CodeIgniter->handleRequest(NULL, Object(Config\Cache), false)
#3 C:\xampp\htdocs\scm\public\index.php(37): CodeIgniter\CodeIgniter->run()
#4 {main}
CRITICAL - 2022-01-14 07:45:37 --> Class "App\Models\Proses1Model" not found
#0 C:\xampp\htdocs\scm\system\CodeIgniter.php(801): App\Controllers\Part->__construct()
#1 C:\xampp\htdocs\scm\system\CodeIgniter.php(401): CodeIgniter\CodeIgniter->createController()
#2 C:\xampp\htdocs\scm\system\CodeIgniter.php(318): CodeIgniter\CodeIgniter->handleRequest(NULL, Object(Config\Cache), false)
#3 C:\xampp\htdocs\scm\public\index.php(37): CodeIgniter\CodeIgniter->run()
#4 {main}
CRITICAL - 2022-01-14 07:46:30 --> Class "App\Controllers\proses1Model" not found
#0 C:\xampp\htdocs\scm\system\CodeIgniter.php(801): App\Controllers\Part->__construct()
#1 C:\xampp\htdocs\scm\system\CodeIgniter.php(401): CodeIgniter\CodeIgniter->createController()
#2 C:\xampp\htdocs\scm\system\CodeIgniter.php(318): CodeIgniter\CodeIgniter->handleRequest(NULL, Object(Config\Cache), false)
#3 C:\xampp\htdocs\scm\public\index.php(37): CodeIgniter\CodeIgniter->run()
#4 {main}
CRITICAL - 2022-01-14 07:52:19 --> mysqli_fetch_all(): Argument #1 ($result) must be of type mysqli_result, bool given
#0 C:\xampp\htdocs\scm\app\Views\buatpart.php(5): mysqli_fetch_all(false, 1)
#1 C:\xampp\htdocs\scm\system\View\View.php(214): include('C:\\xampp\\htdocs...')
#2 C:\xampp\htdocs\scm\system\View\View.php(217): CodeIgniter\View\View->CodeIgniter\View\{closure}()
#3 C:\xampp\htdocs\scm\system\Common.php(1097): CodeIgniter\View\View->render('buatpart', Array, true)
#4 C:\xampp\htdocs\scm\app\Controllers\Part.php(48): view('buatpart', Array)
#5 C:\xampp\htdocs\scm\system\CodeIgniter.php(824): App\Controllers\Part->buatpart('event.php')
#6 C:\xampp\htdocs\scm\system\CodeIgniter.php(410): CodeIgniter\CodeIgniter->runController(Object(App\Controllers\Part))
#7 C:\xampp\htdocs\scm\system\CodeIgniter.php(318): CodeIgniter\CodeIgniter->handleRequest(NULL, Object(Config\Cache), false)
#8 C:\xampp\htdocs\scm\public\index.php(37): CodeIgniter\CodeIgniter->run()
#9 {main}
CRITICAL - 2022-01-14 07:52:19 --> mysqli_fetch_all(): Argument #1 ($result) must be of type mysqli_result, bool given
#0 C:\xampp\htdocs\scm\app\Views\buatpart.php(5): mysqli_fetch_all(false, 1)
#1 C:\xampp\htdocs\scm\system\View\View.php(214): include('C:\\xampp\\htdocs...')
#2 C:\xampp\htdocs\scm\system\View\View.php(217): CodeIgniter\View\View->CodeIgniter\View\{closure}()
#3 C:\xampp\htdocs\scm\system\Common.php(1097): CodeIgniter\View\View->render('buatpart', Array, true)
#4 C:\xampp\htdocs\scm\app\Controllers\Part.php(48): view('buatpart', Array)
#5 C:\xampp\htdocs\scm\system\CodeIgniter.php(824): App\Controllers\Part->buatpart('tmpls', 'month.html')
#6 C:\xampp\htdocs\scm\system\CodeIgniter.php(410): CodeIgniter\CodeIgniter->runController(Object(App\Controllers\Part))
#7 C:\xampp\htdocs\scm\system\CodeIgniter.php(318): CodeIgniter\CodeIgniter->handleRequest(NULL, Object(Config\Cache), false)
#8 C:\xampp\htdocs\scm\public\index.php(37): CodeIgniter\CodeIgniter->run()
#9 {main}
CRITICAL - 2022-01-14 07:52:29 --> mysqli_fetch_all(): Argument #1 ($result) must be of type mysqli_result, bool given
#0 C:\xampp\htdocs\scm\app\Views\buatpart.php(5): mysqli_fetch_all(false, 1)
#1 C:\xampp\htdocs\scm\system\View\View.php(214): include('C:\\xampp\\htdocs...')
#2 C:\xampp\htdocs\scm\system\View\View.php(217): CodeIgniter\View\View->CodeIgniter\View\{closure}()
#3 C:\xampp\htdocs\scm\system\Common.php(1097): CodeIgniter\View\View->render('buatpart', Array, true)
#4 C:\xampp\htdocs\scm\app\Controllers\Part.php(48): view('buatpart', Array)
#5 C:\xampp\htdocs\scm\system\CodeIgniter.php(824): App\Controllers\Part->buatpart('event.php')
#6 C:\xampp\htdocs\scm\system\CodeIgniter.php(410): CodeIgniter\CodeIgniter->runController(Object(App\Controllers\Part))
#7 C:\xampp\htdocs\scm\system\CodeIgniter.php(318): CodeIgniter\CodeIgniter->handleRequest(NULL, Object(Config\Cache), false)
#8 C:\xampp\htdocs\scm\public\index.php(37): CodeIgniter\CodeIgniter->run()
#9 {main}
CRITICAL - 2022-01-14 07:52:29 --> mysqli_fetch_all(): Argument #1 ($result) must be of type mysqli_result, bool given
#0 C:\xampp\htdocs\scm\app\Views\buatpart.php(5): mysqli_fetch_all(false, 1)
#1 C:\xampp\htdocs\scm\system\View\View.php(214): include('C:\\xampp\\htdocs...')
#2 C:\xampp\htdocs\scm\system\View\View.php(217): CodeIgniter\View\View->CodeIgniter\View\{closure}()
#3 C:\xampp\htdocs\scm\system\Common.php(1097): CodeIgniter\View\View->render('buatpart', Array, true)
#4 C:\xampp\htdocs\scm\app\Controllers\Part.php(48): view('buatpart', Array)
#5 C:\xampp\htdocs\scm\system\CodeIgniter.php(824): App\Controllers\Part->buatpart('tmpls', 'month.html')
#6 C:\xampp\htdocs\scm\system\CodeIgniter.php(410): CodeIgniter\CodeIgniter->runController(Object(App\Controllers\Part))
#7 C:\xampp\htdocs\scm\system\CodeIgniter.php(318): CodeIgniter\CodeIgniter->handleRequest(NULL, Object(Config\Cache), false)
#8 C:\xampp\htdocs\scm\public\index.php(37): CodeIgniter\CodeIgniter->run()
#9 {main}
CRITICAL - 2022-01-14 08:06:08 --> mysqli_fetch_all(): Argument #1 ($result) must be of type mysqli_result, bool given
#0 C:\xampp\htdocs\scm\app\Views\buatpart.php(5): mysqli_fetch_all(false, 1)
#1 C:\xampp\htdocs\scm\system\View\View.php(214): include('C:\\xampp\\htdocs...')
#2 C:\xampp\htdocs\scm\system\View\View.php(217): CodeIgniter\View\View->CodeIgniter\View\{closure}()
#3 C:\xampp\htdocs\scm\system\Common.php(1097): CodeIgniter\View\View->render('buatpart', Array, true)
#4 C:\xampp\htdocs\scm\app\Controllers\Part.php(48): view('buatpart', Array)
#5 C:\xampp\htdocs\scm\system\CodeIgniter.php(824): App\Controllers\Part->buatpart('event.php')
#6 C:\xampp\htdocs\scm\system\CodeIgniter.php(410): CodeIgniter\CodeIgniter->runController(Object(App\Controllers\Part))
#7 C:\xampp\htdocs\scm\system\CodeIgniter.php(318): CodeIgniter\CodeIgniter->handleRequest(NULL, Object(Config\Cache), false)
#8 C:\xampp\htdocs\scm\public\index.php(37): CodeIgniter\CodeIgniter->run()
#9 {main}
CRITICAL - 2022-01-14 08:06:08 --> mysqli_fetch_all(): Argument #1 ($result) must be of type mysqli_result, bool given
#0 C:\xampp\htdocs\scm\app\Views\buatpart.php(5): mysqli_fetch_all(false, 1)
#1 C:\xampp\htdocs\scm\system\View\View.php(214): include('C:\\xampp\\htdocs...')
#2 C:\xampp\htdocs\scm\system\View\View.php(217): CodeIgniter\View\View->CodeIgniter\View\{closure}()
#3 C:\xampp\htdocs\scm\system\Common.php(1097): CodeIgniter\View\View->render('buatpart', Array, true)
#4 C:\xampp\htdocs\scm\app\Controllers\Part.php(48): view('buatpart', Array)
#5 C:\xampp\htdocs\scm\system\CodeIgniter.php(824): App\Controllers\Part->buatpart('tmpls', 'month.html')
#6 C:\xampp\htdocs\scm\system\CodeIgniter.php(410): CodeIgniter\CodeIgniter->runController(Object(App\Controllers\Part))
#7 C:\xampp\htdocs\scm\system\CodeIgniter.php(318): CodeIgniter\CodeIgniter->handleRequest(NULL, Object(Config\Cache), false)
#8 C:\xampp\htdocs\scm\public\index.php(37): CodeIgniter\CodeIgniter->run()
#9 {main}
CRITICAL - 2022-01-14 08:06:35 --> mysqli_fetch_all(): Argument #1 ($result) must be of type mysqli_result, bool given
#0 C:\xampp\htdocs\scm\app\Views\buatpart.php(5): mysqli_fetch_all(false, 1)
#1 C:\xampp\htdocs\scm\system\View\View.php(214): include('C:\\xampp\\htdocs...')
#2 C:\xampp\htdocs\scm\system\View\View.php(217): CodeIgniter\View\View->CodeIgniter\View\{closure}()
#3 C:\xampp\htdocs\scm\system\Common.php(1097): CodeIgniter\View\View->render('buatpart', Array, true)
#4 C:\xampp\htdocs\scm\app\Controllers\Part.php(48): view('buatpart', Array)
#5 C:\xampp\htdocs\scm\system\CodeIgniter.php(824): App\Controllers\Part->buatpart('event.php')
#6 C:\xampp\htdocs\scm\system\CodeIgniter.php(410): CodeIgniter\CodeIgniter->runController(Object(App\Controllers\Part))
#7 C:\xampp\htdocs\scm\system\CodeIgniter.php(318): CodeIgniter\CodeIgniter->handleRequest(NULL, Object(Config\Cache), false)
#8 C:\xampp\htdocs\scm\public\index.php(37): CodeIgniter\CodeIgniter->run()
#9 {main}
CRITICAL - 2022-01-14 08:06:35 --> mysqli_fetch_all(): Argument #1 ($result) must be of type mysqli_result, bool given
#0 C:\xampp\htdocs\scm\app\Views\buatpart.php(5): mysqli_fetch_all(false, 1)
#1 C:\xampp\htdocs\scm\system\View\View.php(214): include('C:\\xampp\\htdocs...')
#2 C:\xampp\htdocs\scm\system\View\View.php(217): CodeIgniter\View\View->CodeIgniter\View\{closure}()
#3 C:\xampp\htdocs\scm\system\Common.php(1097): CodeIgniter\View\View->render('buatpart', Array, true)
#4 C:\xampp\htdocs\scm\app\Controllers\Part.php(48): view('buatpart', Array)
#5 C:\xampp\htdocs\scm\system\CodeIgniter.php(824): App\Controllers\Part->buatpart('tmpls', 'month.html')
#6 C:\xampp\htdocs\scm\system\CodeIgniter.php(410): CodeIgniter\CodeIgniter->runController(Object(App\Controllers\Part))
#7 C:\xampp\htdocs\scm\system\CodeIgniter.php(318): CodeIgniter\CodeIgniter->handleRequest(NULL, Object(Config\Cache), false)
#8 C:\xampp\htdocs\scm\public\index.php(37): CodeIgniter\CodeIgniter->run()
#9 {main}
