CRITICAL - 2022-02-22 14:07:37 --> Undefined variable $namapart
#0 /home/n1775814/public_html/app/Views/laporanproduksi.php(98): CodeIgniter\Debug\Exceptions->errorHandler()
#1 /home/n1775814/public_html/system/View/View.php(214): include('/home/n1775814/...')
#2 /home/n1775814/public_html/system/View/View.php(217): CodeIgniter\View\View->CodeIgniter\View\{closure}()
#3 /home/n1775814/public_html/system/Common.php(1097): CodeIgniter\View\View->render()
#4 /home/n1775814/public_html/app/Controllers/Home.php(143): view()
#5 /home/n1775814/public_html/system/CodeIgniter.php(824): App\Controllers\Home->laporanproduksi()
#6 /home/n1775814/public_html/system/CodeIgniter.php(410): CodeIgniter\CodeIgniter->runController()
#7 /home/n1775814/public_html/system/CodeIgniter.php(318): CodeIgniter\CodeIgniter->handleRequest()
#8 /home/n1775814/public_html/public/index.php(37): CodeIgniter\CodeIgniter->run()
#9 {main}
CRITICAL - 2022-02-22 14:10:35 --> Array to string conversion
#0 /home/n1775814/public_html/app/Views/laporanproduksi.php(114): CodeIgniter\Debug\Exceptions->errorHandler()
#1 /home/n1775814/public_html/system/View/View.php(214): include('/home/n1775814/...')
#2 /home/n1775814/public_html/system/View/View.php(217): CodeIgniter\View\View->CodeIgniter\View\{closure}()
#3 /home/n1775814/public_html/system/Common.php(1097): CodeIgniter\View\View->render()
#4 /home/n1775814/public_html/app/Controllers/Home.php(143): view()
#5 /home/n1775814/public_html/system/CodeIgniter.php(824): App\Controllers\Home->laporanproduksi()
#6 /home/n1775814/public_html/system/CodeIgniter.php(410): CodeIgniter\CodeIgniter->runController()
#7 /home/n1775814/public_html/system/CodeIgniter.php(318): CodeIgniter\CodeIgniter->handleRequest()
#8 /home/n1775814/public_html/public/index.php(37): CodeIgniter\CodeIgniter->run()
#9 {main}
CRITICAL - 2022-02-22 14:13:31 --> Undefined constant "proses"
#0 /home/n1775814/public_html/system/View/View.php(214): include()
#1 /home/n1775814/public_html/system/View/View.php(217): CodeIgniter\View\View->CodeIgniter\View\{closure}()
#2 /home/n1775814/public_html/system/Common.php(1097): CodeIgniter\View\View->render()
#3 /home/n1775814/public_html/app/Controllers/Home.php(143): view()
#4 /home/n1775814/public_html/system/CodeIgniter.php(824): App\Controllers\Home->laporanproduksi()
#5 /home/n1775814/public_html/system/CodeIgniter.php(410): CodeIgniter\CodeIgniter->runController()
#6 /home/n1775814/public_html/system/CodeIgniter.php(318): CodeIgniter\CodeIgniter->handleRequest()
#7 /home/n1775814/public_html/public/index.php(37): CodeIgniter\CodeIgniter->run()
#8 {main}
CRITICAL - 2022-02-22 01:14:40 --> Undefined array key 0
#0 /home/n1775814/public_html/app/Views/cetaklaporan.php(67): CodeIgniter\Debug\Exceptions->errorHandler()
#1 /home/n1775814/public_html/system/View/View.php(214): include('/home/n1775814/...')
#2 /home/n1775814/public_html/system/View/View.php(217): CodeIgniter\View\View->CodeIgniter\View\{closure}()
#3 /home/n1775814/public_html/system/Common.php(1097): CodeIgniter\View\View->render()
#4 /home/n1775814/public_html/app/Controllers/Home.php(154): view()
#5 /home/n1775814/public_html/system/CodeIgniter.php(824): App\Controllers\Home->cetaklaporan()
#6 /home/n1775814/public_html/system/CodeIgniter.php(410): CodeIgniter\CodeIgniter->runController()
#7 /home/n1775814/public_html/system/CodeIgniter.php(318): CodeIgniter\CodeIgniter->handleRequest()
#8 /home/n1775814/public_html/public/index.php(37): CodeIgniter\CodeIgniter->run()
#9 {main}
CRITICAL - 2022-02-22 01:36:31 --> Undefined array key "username"
#0 /home/n1775814/public_html/app/Controllers/Home.php(90): CodeIgniter\Debug\Exceptions->errorHandler()
#1 /home/n1775814/public_html/system/CodeIgniter.php(824): App\Controllers\Home->login()
#2 /home/n1775814/public_html/system/CodeIgniter.php(410): CodeIgniter\CodeIgniter->runController()
#3 /home/n1775814/public_html/system/CodeIgniter.php(318): CodeIgniter\CodeIgniter->handleRequest()
#4 /home/n1775814/public_html/public/index.php(37): CodeIgniter\CodeIgniter->run()
#5 {main}
CRITICAL - 2022-02-22 01:36:33 --> Undefined array key "username"
#0 /home/n1775814/public_html/app/Controllers/Home.php(90): CodeIgniter\Debug\Exceptions->errorHandler()
#1 /home/n1775814/public_html/system/CodeIgniter.php(824): App\Controllers\Home->login()
#2 /home/n1775814/public_html/system/CodeIgniter.php(410): CodeIgniter\CodeIgniter->runController()
#3 /home/n1775814/public_html/system/CodeIgniter.php(318): CodeIgniter\CodeIgniter->handleRequest()
#4 /home/n1775814/public_html/public/index.php(37): CodeIgniter\CodeIgniter->run()
#5 {main}
CRITICAL - 2022-02-22 01:37:36 --> Undefined array key "username"
#0 /home/n1775814/public_html/app/Controllers/Home.php(90): CodeIgniter\Debug\Exceptions->errorHandler()
#1 /home/n1775814/public_html/system/CodeIgniter.php(824): App\Controllers\Home->login()
#2 /home/n1775814/public_html/system/CodeIgniter.php(410): CodeIgniter\CodeIgniter->runController()
#3 /home/n1775814/public_html/system/CodeIgniter.php(318): CodeIgniter\CodeIgniter->handleRequest()
#4 /home/n1775814/public_html/public/index.php(37): CodeIgniter\CodeIgniter->run()
#5 {main}
CRITICAL - 2022-02-22 04:17:23 --> mysqli_fetch_all(): Argument #1 ($result) must be of type mysqli_result, bool given
#0 /home/n1775814/public_html/app/Views/buatpart.php(5): mysqli_fetch_all()
#1 /home/n1775814/public_html/system/View/View.php(214): include('/home/n1775814/...')
#2 /home/n1775814/public_html/system/View/View.php(217): CodeIgniter\View\View->CodeIgniter\View\{closure}()
#3 /home/n1775814/public_html/system/Common.php(1097): CodeIgniter\View\View->render()
#4 /home/n1775814/public_html/app/Controllers/Part.php(67): view()
#5 /home/n1775814/public_html/system/CodeIgniter.php(824): App\Controllers\Part->buatpart()
#6 /home/n1775814/public_html/system/CodeIgniter.php(410): CodeIgniter\CodeIgniter->runController()
#7 /home/n1775814/public_html/system/CodeIgniter.php(318): CodeIgniter\CodeIgniter->handleRequest()
#8 /home/n1775814/public_html/public/index.php(37): CodeIgniter\CodeIgniter->run()
#9 {main}
CRITICAL - 2022-02-22 04:17:23 --> mysqli_fetch_all(): Argument #1 ($result) must be of type mysqli_result, bool given
#0 /home/n1775814/public_html/app/Views/buatpart.php(5): mysqli_fetch_all()
#1 /home/n1775814/public_html/system/View/View.php(214): include('/home/n1775814/...')
#2 /home/n1775814/public_html/system/View/View.php(217): CodeIgniter\View\View->CodeIgniter\View\{closure}()
#3 /home/n1775814/public_html/system/Common.php(1097): CodeIgniter\View\View->render()
#4 /home/n1775814/public_html/app/Controllers/Part.php(67): view()
#5 /home/n1775814/public_html/system/CodeIgniter.php(824): App\Controllers\Part->buatpart()
#6 /home/n1775814/public_html/system/CodeIgniter.php(410): CodeIgniter\CodeIgniter->runController()
#7 /home/n1775814/public_html/system/CodeIgniter.php(318): CodeIgniter\CodeIgniter->handleRequest()
#8 /home/n1775814/public_html/public/index.php(37): CodeIgniter\CodeIgniter->run()
#9 {main}
CRITICAL - 2022-02-22 04:17:23 --> mysqli_fetch_all(): Argument #1 ($result) must be of type mysqli_result, bool given
#0 /home/n1775814/public_html/app/Views/buatpart.php(5): mysqli_fetch_all()
#1 /home/n1775814/public_html/system/View/View.php(214): include('/home/n1775814/...')
#2 /home/n1775814/public_html/system/View/View.php(217): CodeIgniter\View\View->CodeIgniter\View\{closure}()
#3 /home/n1775814/public_html/system/Common.php(1097): CodeIgniter\View\View->render()
#4 /home/n1775814/public_html/app/Controllers/Part.php(67): view()
#5 /home/n1775814/public_html/system/CodeIgniter.php(824): App\Controllers\Part->buatpart()
#6 /home/n1775814/public_html/system/CodeIgniter.php(410): CodeIgniter\CodeIgniter->runController()
#7 /home/n1775814/public_html/system/CodeIgniter.php(318): CodeIgniter\CodeIgniter->handleRequest()
#8 /home/n1775814/public_html/public/index.php(37): CodeIgniter\CodeIgniter->run()
#9 {main}
CRITICAL - 2022-02-22 04:17:23 --> mysqli_fetch_all(): Argument #1 ($result) must be of type mysqli_result, bool given
#0 /home/n1775814/public_html/app/Views/buatpart.php(5): mysqli_fetch_all()
#1 /home/n1775814/public_html/system/View/View.php(214): include('/home/n1775814/...')
#2 /home/n1775814/public_html/system/View/View.php(217): CodeIgniter\View\View->CodeIgniter\View\{closure}()
#3 /home/n1775814/public_html/system/Common.php(1097): CodeIgniter\View\View->render()
#4 /home/n1775814/public_html/app/Controllers/Part.php(67): view()
#5 /home/n1775814/public_html/system/CodeIgniter.php(824): App\Controllers\Part->buatpart()
#6 /home/n1775814/public_html/system/CodeIgniter.php(410): CodeIgniter\CodeIgniter->runController()
#7 /home/n1775814/public_html/system/CodeIgniter.php(318): CodeIgniter\CodeIgniter->handleRequest()
#8 /home/n1775814/public_html/public/index.php(37): CodeIgniter\CodeIgniter->run()
#9 {main}
CRITICAL - 2022-02-22 04:17:23 --> mysqli_fetch_all(): Argument #1 ($result) must be of type mysqli_result, bool given
#0 /home/n1775814/public_html/app/Views/buatpart.php(5): mysqli_fetch_all()
#1 /home/n1775814/public_html/system/View/View.php(214): include('/home/n1775814/...')
#2 /home/n1775814/public_html/system/View/View.php(217): CodeIgniter\View\View->CodeIgniter\View\{closure}()
#3 /home/n1775814/public_html/system/Common.php(1097): CodeIgniter\View\View->render()
#4 /home/n1775814/public_html/app/Controllers/Part.php(67): view()
#5 /home/n1775814/public_html/system/CodeIgniter.php(824): App\Controllers\Part->buatpart()
#6 /home/n1775814/public_html/system/CodeIgniter.php(410): CodeIgniter\CodeIgniter->runController()
#7 /home/n1775814/public_html/system/CodeIgniter.php(318): CodeIgniter\CodeIgniter->handleRequest()
#8 /home/n1775814/public_html/public/index.php(37): CodeIgniter\CodeIgniter->run()
#9 {main}
CRITICAL - 2022-02-22 04:17:24 --> mysqli_fetch_all(): Argument #1 ($result) must be of type mysqli_result, bool given
#0 /home/n1775814/public_html/app/Views/buatpart.php(5): mysqli_fetch_all()
#1 /home/n1775814/public_html/system/View/View.php(214): include('/home/n1775814/...')
#2 /home/n1775814/public_html/system/View/View.php(217): CodeIgniter\View\View->CodeIgniter\View\{closure}()
#3 /home/n1775814/public_html/system/Common.php(1097): CodeIgniter\View\View->render()
#4 /home/n1775814/public_html/app/Controllers/Part.php(67): view()
#5 /home/n1775814/public_html/system/CodeIgniter.php(824): App\Controllers\Part->buatpart()
#6 /home/n1775814/public_html/system/CodeIgniter.php(410): CodeIgniter\CodeIgniter->runController()
#7 /home/n1775814/public_html/system/CodeIgniter.php(318): CodeIgniter\CodeIgniter->handleRequest()
#8 /home/n1775814/public_html/public/index.php(37): CodeIgniter\CodeIgniter->run()
#9 {main}
CRITICAL - 2022-02-22 04:17:24 --> mysqli_fetch_all(): Argument #1 ($result) must be of type mysqli_result, bool given
#0 /home/n1775814/public_html/app/Views/buatpart.php(5): mysqli_fetch_all()
#1 /home/n1775814/public_html/system/View/View.php(214): include('/home/n1775814/...')
#2 /home/n1775814/public_html/system/View/View.php(217): CodeIgniter\View\View->CodeIgniter\View\{closure}()
#3 /home/n1775814/public_html/system/Common.php(1097): CodeIgniter\View\View->render()
#4 /home/n1775814/public_html/app/Controllers/Part.php(67): view()
#5 /home/n1775814/public_html/system/CodeIgniter.php(824): App\Controllers\Part->buatpart()
#6 /home/n1775814/public_html/system/CodeIgniter.php(410): CodeIgniter\CodeIgniter->runController()
#7 /home/n1775814/public_html/system/CodeIgniter.php(318): CodeIgniter\CodeIgniter->handleRequest()
#8 /home/n1775814/public_html/public/index.php(37): CodeIgniter\CodeIgniter->run()
#9 {main}
CRITICAL - 2022-02-22 05:00:24 --> mysqli_fetch_all(): Argument #1 ($result) must be of type mysqli_result, bool given
#0 /home/n1775814/public_html/app/Views/buatpart.php(5): mysqli_fetch_all()
#1 /home/n1775814/public_html/system/View/View.php(214): include('/home/n1775814/...')
#2 /home/n1775814/public_html/system/View/View.php(217): CodeIgniter\View\View->CodeIgniter\View\{closure}()
#3 /home/n1775814/public_html/system/Common.php(1097): CodeIgniter\View\View->render()
#4 /home/n1775814/public_html/app/Controllers/Part.php(67): view()
#5 /home/n1775814/public_html/system/CodeIgniter.php(824): App\Controllers\Part->buatpart()
#6 /home/n1775814/public_html/system/CodeIgniter.php(410): CodeIgniter\CodeIgniter->runController()
#7 /home/n1775814/public_html/system/CodeIgniter.php(318): CodeIgniter\CodeIgniter->handleRequest()
#8 /home/n1775814/public_html/public/index.php(37): CodeIgniter\CodeIgniter->run()
#9 {main}
CRITICAL - 2022-02-22 05:00:24 --> mysqli_fetch_all(): Argument #1 ($result) must be of type mysqli_result, bool given
#0 /home/n1775814/public_html/app/Views/buatpart.php(5): mysqli_fetch_all()
#1 /home/n1775814/public_html/system/View/View.php(214): include('/home/n1775814/...')
#2 /home/n1775814/public_html/system/View/View.php(217): CodeIgniter\View\View->CodeIgniter\View\{closure}()
#3 /home/n1775814/public_html/system/Common.php(1097): CodeIgniter\View\View->render()
#4 /home/n1775814/public_html/app/Controllers/Part.php(67): view()
#5 /home/n1775814/public_html/system/CodeIgniter.php(824): App\Controllers\Part->buatpart()
#6 /home/n1775814/public_html/system/CodeIgniter.php(410): CodeIgniter\CodeIgniter->runController()
#7 /home/n1775814/public_html/system/CodeIgniter.php(318): CodeIgniter\CodeIgniter->handleRequest()
#8 /home/n1775814/public_html/public/index.php(37): CodeIgniter\CodeIgniter->run()
#9 {main}
CRITICAL - 2022-02-22 05:00:24 --> mysqli_fetch_all(): Argument #1 ($result) must be of type mysqli_result, bool given
#0 /home/n1775814/public_html/app/Views/buatpart.php(5): mysqli_fetch_all()
#1 /home/n1775814/public_html/system/View/View.php(214): include('/home/n1775814/...')
#2 /home/n1775814/public_html/system/View/View.php(217): CodeIgniter\View\View->CodeIgniter\View\{closure}()
#3 /home/n1775814/public_html/system/Common.php(1097): CodeIgniter\View\View->render()
#4 /home/n1775814/public_html/app/Controllers/Part.php(67): view()
#5 /home/n1775814/public_html/system/CodeIgniter.php(824): App\Controllers\Part->buatpart()
#6 /home/n1775814/public_html/system/CodeIgniter.php(410): CodeIgniter\CodeIgniter->runController()
#7 /home/n1775814/public_html/system/CodeIgniter.php(318): CodeIgniter\CodeIgniter->handleRequest()
#8 /home/n1775814/public_html/public/index.php(37): CodeIgniter\CodeIgniter->run()
#9 {main}
CRITICAL - 2022-02-22 05:00:24 --> mysqli_fetch_all(): Argument #1 ($result) must be of type mysqli_result, bool given
#0 /home/n1775814/public_html/app/Views/buatpart.php(5): mysqli_fetch_all()
#1 /home/n1775814/public_html/system/View/View.php(214): include('/home/n1775814/...')
#2 /home/n1775814/public_html/system/View/View.php(217): CodeIgniter\View\View->CodeIgniter\View\{closure}()
#3 /home/n1775814/public_html/system/Common.php(1097): CodeIgniter\View\View->render()
#4 /home/n1775814/public_html/app/Controllers/Part.php(67): view()
#5 /home/n1775814/public_html/system/CodeIgniter.php(824): App\Controllers\Part->buatpart()
#6 /home/n1775814/public_html/system/CodeIgniter.php(410): CodeIgniter\CodeIgniter->runController()
#7 /home/n1775814/public_html/system/CodeIgniter.php(318): CodeIgniter\CodeIgniter->handleRequest()
#8 /home/n1775814/public_html/public/index.php(37): CodeIgniter\CodeIgniter->run()
#9 {main}
CRITICAL - 2022-02-22 05:00:24 --> mysqli_fetch_all(): Argument #1 ($result) must be of type mysqli_result, bool given
#0 /home/n1775814/public_html/app/Views/buatpart.php(5): mysqli_fetch_all()
#1 /home/n1775814/public_html/system/View/View.php(214): include('/home/n1775814/...')
#2 /home/n1775814/public_html/system/View/View.php(217): CodeIgniter\View\View->CodeIgniter\View\{closure}()
#3 /home/n1775814/public_html/system/Common.php(1097): CodeIgniter\View\View->render()
#4 /home/n1775814/public_html/app/Controllers/Part.php(67): view()
#5 /home/n1775814/public_html/system/CodeIgniter.php(824): App\Controllers\Part->buatpart()
#6 /home/n1775814/public_html/system/CodeIgniter.php(410): CodeIgniter\CodeIgniter->runController()
#7 /home/n1775814/public_html/system/CodeIgniter.php(318): CodeIgniter\CodeIgniter->handleRequest()
#8 /home/n1775814/public_html/public/index.php(37): CodeIgniter\CodeIgniter->run()
#9 {main}
CRITICAL - 2022-02-22 05:00:24 --> mysqli_fetch_all(): Argument #1 ($result) must be of type mysqli_result, bool given
#0 /home/n1775814/public_html/app/Views/buatpart.php(5): mysqli_fetch_all()
#1 /home/n1775814/public_html/system/View/View.php(214): include('/home/n1775814/...')
#2 /home/n1775814/public_html/system/View/View.php(217): CodeIgniter\View\View->CodeIgniter\View\{closure}()
#3 /home/n1775814/public_html/system/Common.php(1097): CodeIgniter\View\View->render()
#4 /home/n1775814/public_html/app/Controllers/Part.php(67): view()
#5 /home/n1775814/public_html/system/CodeIgniter.php(824): App\Controllers\Part->buatpart()
#6 /home/n1775814/public_html/system/CodeIgniter.php(410): CodeIgniter\CodeIgniter->runController()
#7 /home/n1775814/public_html/system/CodeIgniter.php(318): CodeIgniter\CodeIgniter->handleRequest()
#8 /home/n1775814/public_html/public/index.php(37): CodeIgniter\CodeIgniter->run()
#9 {main}
CRITICAL - 2022-02-22 05:00:24 --> mysqli_fetch_all(): Argument #1 ($result) must be of type mysqli_result, bool given
#0 /home/n1775814/public_html/app/Views/buatpart.php(5): mysqli_fetch_all()
#1 /home/n1775814/public_html/system/View/View.php(214): include('/home/n1775814/...')
#2 /home/n1775814/public_html/system/View/View.php(217): CodeIgniter\View\View->CodeIgniter\View\{closure}()
#3 /home/n1775814/public_html/system/Common.php(1097): CodeIgniter\View\View->render()
#4 /home/n1775814/public_html/app/Controllers/Part.php(67): view()
#5 /home/n1775814/public_html/system/CodeIgniter.php(824): App\Controllers\Part->buatpart()
#6 /home/n1775814/public_html/system/CodeIgniter.php(410): CodeIgniter\CodeIgniter->runController()
#7 /home/n1775814/public_html/system/CodeIgniter.php(318): CodeIgniter\CodeIgniter->handleRequest()
#8 /home/n1775814/public_html/public/index.php(37): CodeIgniter\CodeIgniter->run()
#9 {main}
CRITICAL - 2022-02-22 05:00:25 --> mysqli_fetch_all(): Argument #1 ($result) must be of type mysqli_result, bool given
#0 /home/n1775814/public_html/app/Views/buatpart.php(5): mysqli_fetch_all()
#1 /home/n1775814/public_html/system/View/View.php(214): include('/home/n1775814/...')
#2 /home/n1775814/public_html/system/View/View.php(217): CodeIgniter\View\View->CodeIgniter\View\{closure}()
#3 /home/n1775814/public_html/system/Common.php(1097): CodeIgniter\View\View->render()
#4 /home/n1775814/public_html/app/Controllers/Part.php(67): view()
#5 /home/n1775814/public_html/system/CodeIgniter.php(824): App\Controllers\Part->buatpart()
#6 /home/n1775814/public_html/system/CodeIgniter.php(410): CodeIgniter\CodeIgniter->runController()
#7 /home/n1775814/public_html/system/CodeIgniter.php(318): CodeIgniter\CodeIgniter->handleRequest()
#8 /home/n1775814/public_html/public/index.php(37): CodeIgniter\CodeIgniter->run()
#9 {main}
CRITICAL - 2022-02-22 05:00:25 --> mysqli_fetch_all(): Argument #1 ($result) must be of type mysqli_result, bool given
#0 /home/n1775814/public_html/app/Views/buatpart.php(5): mysqli_fetch_all()
#1 /home/n1775814/public_html/system/View/View.php(214): include('/home/n1775814/...')
#2 /home/n1775814/public_html/system/View/View.php(217): CodeIgniter\View\View->CodeIgniter\View\{closure}()
#3 /home/n1775814/public_html/system/Common.php(1097): CodeIgniter\View\View->render()
#4 /home/n1775814/public_html/app/Controllers/Part.php(67): view()
#5 /home/n1775814/public_html/system/CodeIgniter.php(824): App\Controllers\Part->buatpart()
#6 /home/n1775814/public_html/system/CodeIgniter.php(410): CodeIgniter\CodeIgniter->runController()
#7 /home/n1775814/public_html/system/CodeIgniter.php(318): CodeIgniter\CodeIgniter->handleRequest()
#8 /home/n1775814/public_html/public/index.php(37): CodeIgniter\CodeIgniter->run()
#9 {main}
CRITICAL - 2022-02-22 05:00:54 --> mysqli_fetch_all(): Argument #1 ($result) must be of type mysqli_result, bool given
#0 /home/n1775814/public_html/app/Views/buatpart.php(5): mysqli_fetch_all()
#1 /home/n1775814/public_html/system/View/View.php(214): include('/home/n1775814/...')
#2 /home/n1775814/public_html/system/View/View.php(217): CodeIgniter\View\View->CodeIgniter\View\{closure}()
#3 /home/n1775814/public_html/system/Common.php(1097): CodeIgniter\View\View->render()
#4 /home/n1775814/public_html/app/Controllers/Part.php(67): view()
#5 /home/n1775814/public_html/system/CodeIgniter.php(824): App\Controllers\Part->buatpart()
#6 /home/n1775814/public_html/system/CodeIgniter.php(410): CodeIgniter\CodeIgniter->runController()
#7 /home/n1775814/public_html/system/CodeIgniter.php(318): CodeIgniter\CodeIgniter->handleRequest()
#8 /home/n1775814/public_html/public/index.php(37): CodeIgniter\CodeIgniter->run()
#9 {main}
CRITICAL - 2022-02-22 05:00:54 --> mysqli_fetch_all(): Argument #1 ($result) must be of type mysqli_result, bool given
#0 /home/n1775814/public_html/app/Views/buatpart.php(5): mysqli_fetch_all()
#1 /home/n1775814/public_html/system/View/View.php(214): include('/home/n1775814/...')
#2 /home/n1775814/public_html/system/View/View.php(217): CodeIgniter\View\View->CodeIgniter\View\{closure}()
#3 /home/n1775814/public_html/system/Common.php(1097): CodeIgniter\View\View->render()
#4 /home/n1775814/public_html/app/Controllers/Part.php(67): view()
#5 /home/n1775814/public_html/system/CodeIgniter.php(824): App\Controllers\Part->buatpart()
#6 /home/n1775814/public_html/system/CodeIgniter.php(410): CodeIgniter\CodeIgniter->runController()
#7 /home/n1775814/public_html/system/CodeIgniter.php(318): CodeIgniter\CodeIgniter->handleRequest()
#8 /home/n1775814/public_html/public/index.php(37): CodeIgniter\CodeIgniter->run()
#9 {main}
CRITICAL - 2022-02-22 05:00:54 --> mysqli_fetch_all(): Argument #1 ($result) must be of type mysqli_result, bool given
#0 /home/n1775814/public_html/app/Views/buatpart.php(5): mysqli_fetch_all()
#1 /home/n1775814/public_html/system/View/View.php(214): include('/home/n1775814/...')
#2 /home/n1775814/public_html/system/View/View.php(217): CodeIgniter\View\View->CodeIgniter\View\{closure}()
#3 /home/n1775814/public_html/system/Common.php(1097): CodeIgniter\View\View->render()
#4 /home/n1775814/public_html/app/Controllers/Part.php(67): view()
#5 /home/n1775814/public_html/system/CodeIgniter.php(824): App\Controllers\Part->buatpart()
#6 /home/n1775814/public_html/system/CodeIgniter.php(410): CodeIgniter\CodeIgniter->runController()
#7 /home/n1775814/public_html/system/CodeIgniter.php(318): CodeIgniter\CodeIgniter->handleRequest()
#8 /home/n1775814/public_html/public/index.php(37): CodeIgniter\CodeIgniter->run()
#9 {main}
CRITICAL - 2022-02-22 05:00:54 --> mysqli_fetch_all(): Argument #1 ($result) must be of type mysqli_result, bool given
#0 /home/n1775814/public_html/app/Views/buatpart.php(5): mysqli_fetch_all()
#1 /home/n1775814/public_html/system/View/View.php(214): include('/home/n1775814/...')
#2 /home/n1775814/public_html/system/View/View.php(217): CodeIgniter\View\View->CodeIgniter\View\{closure}()
#3 /home/n1775814/public_html/system/Common.php(1097): CodeIgniter\View\View->render()
#4 /home/n1775814/public_html/app/Controllers/Part.php(67): view()
#5 /home/n1775814/public_html/system/CodeIgniter.php(824): App\Controllers\Part->buatpart()
#6 /home/n1775814/public_html/system/CodeIgniter.php(410): CodeIgniter\CodeIgniter->runController()
#7 /home/n1775814/public_html/system/CodeIgniter.php(318): CodeIgniter\CodeIgniter->handleRequest()
#8 /home/n1775814/public_html/public/index.php(37): CodeIgniter\CodeIgniter->run()
#9 {main}
CRITICAL - 2022-02-22 05:00:54 --> mysqli_fetch_all(): Argument #1 ($result) must be of type mysqli_result, bool given
#0 /home/n1775814/public_html/app/Views/buatpart.php(5): mysqli_fetch_all()
#1 /home/n1775814/public_html/system/View/View.php(214): include('/home/n1775814/...')
#2 /home/n1775814/public_html/system/View/View.php(217): CodeIgniter\View\View->CodeIgniter\View\{closure}()
#3 /home/n1775814/public_html/system/Common.php(1097): CodeIgniter\View\View->render()
#4 /home/n1775814/public_html/app/Controllers/Part.php(67): view()
#5 /home/n1775814/public_html/system/CodeIgniter.php(824): App\Controllers\Part->buatpart()
#6 /home/n1775814/public_html/system/CodeIgniter.php(410): CodeIgniter\CodeIgniter->runController()
#7 /home/n1775814/public_html/system/CodeIgniter.php(318): CodeIgniter\CodeIgniter->handleRequest()
#8 /home/n1775814/public_html/public/index.php(37): CodeIgniter\CodeIgniter->run()
#9 {main}
CRITICAL - 2022-02-22 05:00:54 --> mysqli_fetch_all(): Argument #1 ($result) must be of type mysqli_result, bool given
#0 /home/n1775814/public_html/app/Views/buatpart.php(5): mysqli_fetch_all()
#1 /home/n1775814/public_html/system/View/View.php(214): include('/home/n1775814/...')
#2 /home/n1775814/public_html/system/View/View.php(217): CodeIgniter\View\View->CodeIgniter\View\{closure}()
#3 /home/n1775814/public_html/system/Common.php(1097): CodeIgniter\View\View->render()
#4 /home/n1775814/public_html/app/Controllers/Part.php(67): view()
#5 /home/n1775814/public_html/system/CodeIgniter.php(824): App\Controllers\Part->buatpart()
#6 /home/n1775814/public_html/system/CodeIgniter.php(410): CodeIgniter\CodeIgniter->runController()
#7 /home/n1775814/public_html/system/CodeIgniter.php(318): CodeIgniter\CodeIgniter->handleRequest()
#8 /home/n1775814/public_html/public/index.php(37): CodeIgniter\CodeIgniter->run()
#9 {main}
CRITICAL - 2022-02-22 05:00:54 --> mysqli_fetch_all(): Argument #1 ($result) must be of type mysqli_result, bool given
#0 /home/n1775814/public_html/app/Views/buatpart.php(5): mysqli_fetch_all()
#1 /home/n1775814/public_html/system/View/View.php(214): include('/home/n1775814/...')
#2 /home/n1775814/public_html/system/View/View.php(217): CodeIgniter\View\View->CodeIgniter\View\{closure}()
#3 /home/n1775814/public_html/system/Common.php(1097): CodeIgniter\View\View->render()
#4 /home/n1775814/public_html/app/Controllers/Part.php(67): view()
#5 /home/n1775814/public_html/system/CodeIgniter.php(824): App\Controllers\Part->buatpart()
#6 /home/n1775814/public_html/system/CodeIgniter.php(410): CodeIgniter\CodeIgniter->runController()
#7 /home/n1775814/public_html/system/CodeIgniter.php(318): CodeIgniter\CodeIgniter->handleRequest()
#8 /home/n1775814/public_html/public/index.php(37): CodeIgniter\CodeIgniter->run()
#9 {main}
CRITICAL - 2022-02-22 05:00:55 --> mysqli_fetch_all(): Argument #1 ($result) must be of type mysqli_result, bool given
#0 /home/n1775814/public_html/app/Views/buatpart.php(5): mysqli_fetch_all()
#1 /home/n1775814/public_html/system/View/View.php(214): include('/home/n1775814/...')
#2 /home/n1775814/public_html/system/View/View.php(217): CodeIgniter\View\View->CodeIgniter\View\{closure}()
#3 /home/n1775814/public_html/system/Common.php(1097): CodeIgniter\View\View->render()
#4 /home/n1775814/public_html/app/Controllers/Part.php(67): view()
#5 /home/n1775814/public_html/system/CodeIgniter.php(824): App\Controllers\Part->buatpart()
#6 /home/n1775814/public_html/system/CodeIgniter.php(410): CodeIgniter\CodeIgniter->runController()
#7 /home/n1775814/public_html/system/CodeIgniter.php(318): CodeIgniter\CodeIgniter->handleRequest()
#8 /home/n1775814/public_html/public/index.php(37): CodeIgniter\CodeIgniter->run()
#9 {main}
CRITICAL - 2022-02-22 05:00:55 --> mysqli_fetch_all(): Argument #1 ($result) must be of type mysqli_result, bool given
#0 /home/n1775814/public_html/app/Views/buatpart.php(5): mysqli_fetch_all()
#1 /home/n1775814/public_html/system/View/View.php(214): include('/home/n1775814/...')
#2 /home/n1775814/public_html/system/View/View.php(217): CodeIgniter\View\View->CodeIgniter\View\{closure}()
#3 /home/n1775814/public_html/system/Common.php(1097): CodeIgniter\View\View->render()
#4 /home/n1775814/public_html/app/Controllers/Part.php(67): view()
#5 /home/n1775814/public_html/system/CodeIgniter.php(824): App\Controllers\Part->buatpart()
#6 /home/n1775814/public_html/system/CodeIgniter.php(410): CodeIgniter\CodeIgniter->runController()
#7 /home/n1775814/public_html/system/CodeIgniter.php(318): CodeIgniter\CodeIgniter->handleRequest()
#8 /home/n1775814/public_html/public/index.php(37): CodeIgniter\CodeIgniter->run()
#9 {main}
CRITICAL - 2022-02-22 05:01:59 --> mysqli_fetch_all(): Argument #1 ($result) must be of type mysqli_result, bool given
#0 /home/n1775814/public_html/app/Views/buatpart.php(5): mysqli_fetch_all()
#1 /home/n1775814/public_html/system/View/View.php(214): include('/home/n1775814/...')
#2 /home/n1775814/public_html/system/View/View.php(217): CodeIgniter\View\View->CodeIgniter\View\{closure}()
#3 /home/n1775814/public_html/system/Common.php(1097): CodeIgniter\View\View->render()
#4 /home/n1775814/public_html/app/Controllers/Part.php(67): view()
#5 /home/n1775814/public_html/system/CodeIgniter.php(824): App\Controllers\Part->buatpart()
#6 /home/n1775814/public_html/system/CodeIgniter.php(410): CodeIgniter\CodeIgniter->runController()
#7 /home/n1775814/public_html/system/CodeIgniter.php(318): CodeIgniter\CodeIgniter->handleRequest()
#8 /home/n1775814/public_html/public/index.php(37): CodeIgniter\CodeIgniter->run()
#9 {main}
CRITICAL - 2022-02-22 05:01:59 --> mysqli_fetch_all(): Argument #1 ($result) must be of type mysqli_result, bool given
#0 /home/n1775814/public_html/app/Views/buatpart.php(5): mysqli_fetch_all()
#1 /home/n1775814/public_html/system/View/View.php(214): include('/home/n1775814/...')
#2 /home/n1775814/public_html/system/View/View.php(217): CodeIgniter\View\View->CodeIgniter\View\{closure}()
#3 /home/n1775814/public_html/system/Common.php(1097): CodeIgniter\View\View->render()
#4 /home/n1775814/public_html/app/Controllers/Part.php(67): view()
#5 /home/n1775814/public_html/system/CodeIgniter.php(824): App\Controllers\Part->buatpart()
#6 /home/n1775814/public_html/system/CodeIgniter.php(410): CodeIgniter\CodeIgniter->runController()
#7 /home/n1775814/public_html/system/CodeIgniter.php(318): CodeIgniter\CodeIgniter->handleRequest()
#8 /home/n1775814/public_html/public/index.php(37): CodeIgniter\CodeIgniter->run()
#9 {main}
CRITICAL - 2022-02-22 05:01:59 --> mysqli_fetch_all(): Argument #1 ($result) must be of type mysqli_result, bool given
#0 /home/n1775814/public_html/app/Views/buatpart.php(5): mysqli_fetch_all()
#1 /home/n1775814/public_html/system/View/View.php(214): include('/home/n1775814/...')
#2 /home/n1775814/public_html/system/View/View.php(217): CodeIgniter\View\View->CodeIgniter\View\{closure}()
#3 /home/n1775814/public_html/system/Common.php(1097): CodeIgniter\View\View->render()
#4 /home/n1775814/public_html/app/Controllers/Part.php(67): view()
#5 /home/n1775814/public_html/system/CodeIgniter.php(824): App\Controllers\Part->buatpart()
#6 /home/n1775814/public_html/system/CodeIgniter.php(410): CodeIgniter\CodeIgniter->runController()
#7 /home/n1775814/public_html/system/CodeIgniter.php(318): CodeIgniter\CodeIgniter->handleRequest()
#8 /home/n1775814/public_html/public/index.php(37): CodeIgniter\CodeIgniter->run()
#9 {main}
CRITICAL - 2022-02-22 05:01:59 --> mysqli_fetch_all(): Argument #1 ($result) must be of type mysqli_result, bool given
#0 /home/n1775814/public_html/app/Views/buatpart.php(5): mysqli_fetch_all()
#1 /home/n1775814/public_html/system/View/View.php(214): include('/home/n1775814/...')
#2 /home/n1775814/public_html/system/View/View.php(217): CodeIgniter\View\View->CodeIgniter\View\{closure}()
#3 /home/n1775814/public_html/system/Common.php(1097): CodeIgniter\View\View->render()
#4 /home/n1775814/public_html/app/Controllers/Part.php(67): view()
#5 /home/n1775814/public_html/system/CodeIgniter.php(824): App\Controllers\Part->buatpart()
#6 /home/n1775814/public_html/system/CodeIgniter.php(410): CodeIgniter\CodeIgniter->runController()
#7 /home/n1775814/public_html/system/CodeIgniter.php(318): CodeIgniter\CodeIgniter->handleRequest()
#8 /home/n1775814/public_html/public/index.php(37): CodeIgniter\CodeIgniter->run()
#9 {main}
CRITICAL - 2022-02-22 05:01:59 --> mysqli_fetch_all(): Argument #1 ($result) must be of type mysqli_result, bool given
#0 /home/n1775814/public_html/app/Views/buatpart.php(5): mysqli_fetch_all()
#1 /home/n1775814/public_html/system/View/View.php(214): include('/home/n1775814/...')
#2 /home/n1775814/public_html/system/View/View.php(217): CodeIgniter\View\View->CodeIgniter\View\{closure}()
#3 /home/n1775814/public_html/system/Common.php(1097): CodeIgniter\View\View->render()
#4 /home/n1775814/public_html/app/Controllers/Part.php(67): view()
#5 /home/n1775814/public_html/system/CodeIgniter.php(824): App\Controllers\Part->buatpart()
#6 /home/n1775814/public_html/system/CodeIgniter.php(410): CodeIgniter\CodeIgniter->runController()
#7 /home/n1775814/public_html/system/CodeIgniter.php(318): CodeIgniter\CodeIgniter->handleRequest()
#8 /home/n1775814/public_html/public/index.php(37): CodeIgniter\CodeIgniter->run()
#9 {main}
CRITICAL - 2022-02-22 05:02:00 --> mysqli_fetch_all(): Argument #1 ($result) must be of type mysqli_result, bool given
#0 /home/n1775814/public_html/app/Views/buatpart.php(5): mysqli_fetch_all()
#1 /home/n1775814/public_html/system/View/View.php(214): include('/home/n1775814/...')
#2 /home/n1775814/public_html/system/View/View.php(217): CodeIgniter\View\View->CodeIgniter\View\{closure}()
#3 /home/n1775814/public_html/system/Common.php(1097): CodeIgniter\View\View->render()
#4 /home/n1775814/public_html/app/Controllers/Part.php(67): view()
#5 /home/n1775814/public_html/system/CodeIgniter.php(824): App\Controllers\Part->buatpart()
#6 /home/n1775814/public_html/system/CodeIgniter.php(410): CodeIgniter\CodeIgniter->runController()
#7 /home/n1775814/public_html/system/CodeIgniter.php(318): CodeIgniter\CodeIgniter->handleRequest()
#8 /home/n1775814/public_html/public/index.php(37): CodeIgniter\CodeIgniter->run()
#9 {main}
CRITICAL - 2022-02-22 05:02:00 --> mysqli_fetch_all(): Argument #1 ($result) must be of type mysqli_result, bool given
#0 /home/n1775814/public_html/app/Views/buatpart.php(5): mysqli_fetch_all()
#1 /home/n1775814/public_html/system/View/View.php(214): include('/home/n1775814/...')
#2 /home/n1775814/public_html/system/View/View.php(217): CodeIgniter\View\View->CodeIgniter\View\{closure}()
#3 /home/n1775814/public_html/system/Common.php(1097): CodeIgniter\View\View->render()
#4 /home/n1775814/public_html/app/Controllers/Part.php(67): view()
#5 /home/n1775814/public_html/system/CodeIgniter.php(824): App\Controllers\Part->buatpart()
#6 /home/n1775814/public_html/system/CodeIgniter.php(410): CodeIgniter\CodeIgniter->runController()
#7 /home/n1775814/public_html/system/CodeIgniter.php(318): CodeIgniter\CodeIgniter->handleRequest()
#8 /home/n1775814/public_html/public/index.php(37): CodeIgniter\CodeIgniter->run()
#9 {main}
CRITICAL - 2022-02-22 05:02:00 --> mysqli_fetch_all(): Argument #1 ($result) must be of type mysqli_result, bool given
#0 /home/n1775814/public_html/app/Views/buatpart.php(5): mysqli_fetch_all()
#1 /home/n1775814/public_html/system/View/View.php(214): include('/home/n1775814/...')
#2 /home/n1775814/public_html/system/View/View.php(217): CodeIgniter\View\View->CodeIgniter\View\{closure}()
#3 /home/n1775814/public_html/system/Common.php(1097): CodeIgniter\View\View->render()
#4 /home/n1775814/public_html/app/Controllers/Part.php(67): view()
#5 /home/n1775814/public_html/system/CodeIgniter.php(824): App\Controllers\Part->buatpart()
#6 /home/n1775814/public_html/system/CodeIgniter.php(410): CodeIgniter\CodeIgniter->runController()
#7 /home/n1775814/public_html/system/CodeIgniter.php(318): CodeIgniter\CodeIgniter->handleRequest()
#8 /home/n1775814/public_html/public/index.php(37): CodeIgniter\CodeIgniter->run()
#9 {main}
CRITICAL - 2022-02-22 05:02:01 --> mysqli_fetch_all(): Argument #1 ($result) must be of type mysqli_result, bool given
#0 /home/n1775814/public_html/app/Views/buatpart.php(5): mysqli_fetch_all()
#1 /home/n1775814/public_html/system/View/View.php(214): include('/home/n1775814/...')
#2 /home/n1775814/public_html/system/View/View.php(217): CodeIgniter\View\View->CodeIgniter\View\{closure}()
#3 /home/n1775814/public_html/system/Common.php(1097): CodeIgniter\View\View->render()
#4 /home/n1775814/public_html/app/Controllers/Part.php(67): view()
#5 /home/n1775814/public_html/system/CodeIgniter.php(824): App\Controllers\Part->buatpart()
#6 /home/n1775814/public_html/system/CodeIgniter.php(410): CodeIgniter\CodeIgniter->runController()
#7 /home/n1775814/public_html/system/CodeIgniter.php(318): CodeIgniter\CodeIgniter->handleRequest()
#8 /home/n1775814/public_html/public/index.php(37): CodeIgniter\CodeIgniter->run()
#9 {main}
CRITICAL - 2022-02-22 05:03:35 --> mysqli_fetch_all(): Argument #1 ($result) must be of type mysqli_result, bool given
#0 /home/n1775814/public_html/app/Views/buatpart.php(5): mysqli_fetch_all()
#1 /home/n1775814/public_html/system/View/View.php(214): include('/home/n1775814/...')
#2 /home/n1775814/public_html/system/View/View.php(217): CodeIgniter\View\View->CodeIgniter\View\{closure}()
#3 /home/n1775814/public_html/system/Common.php(1097): CodeIgniter\View\View->render()
#4 /home/n1775814/public_html/app/Controllers/Part.php(67): view()
#5 /home/n1775814/public_html/system/CodeIgniter.php(824): App\Controllers\Part->buatpart()
#6 /home/n1775814/public_html/system/CodeIgniter.php(410): CodeIgniter\CodeIgniter->runController()
#7 /home/n1775814/public_html/system/CodeIgniter.php(318): CodeIgniter\CodeIgniter->handleRequest()
#8 /home/n1775814/public_html/public/index.php(37): CodeIgniter\CodeIgniter->run()
#9 {main}
CRITICAL - 2022-02-22 05:03:36 --> mysqli_fetch_all(): Argument #1 ($result) must be of type mysqli_result, bool given
#0 /home/n1775814/public_html/app/Views/buatpart.php(5): mysqli_fetch_all()
#1 /home/n1775814/public_html/system/View/View.php(214): include('/home/n1775814/...')
#2 /home/n1775814/public_html/system/View/View.php(217): CodeIgniter\View\View->CodeIgniter\View\{closure}()
#3 /home/n1775814/public_html/system/Common.php(1097): CodeIgniter\View\View->render()
#4 /home/n1775814/public_html/app/Controllers/Part.php(67): view()
#5 /home/n1775814/public_html/system/CodeIgniter.php(824): App\Controllers\Part->buatpart()
#6 /home/n1775814/public_html/system/CodeIgniter.php(410): CodeIgniter\CodeIgniter->runController()
#7 /home/n1775814/public_html/system/CodeIgniter.php(318): CodeIgniter\CodeIgniter->handleRequest()
#8 /home/n1775814/public_html/public/index.php(37): CodeIgniter\CodeIgniter->run()
#9 {main}
CRITICAL - 2022-02-22 05:03:36 --> mysqli_fetch_all(): Argument #1 ($result) must be of type mysqli_result, bool given
#0 /home/n1775814/public_html/app/Views/buatpart.php(5): mysqli_fetch_all()
#1 /home/n1775814/public_html/system/View/View.php(214): include('/home/n1775814/...')
#2 /home/n1775814/public_html/system/View/View.php(217): CodeIgniter\View\View->CodeIgniter\View\{closure}()
#3 /home/n1775814/public_html/system/Common.php(1097): CodeIgniter\View\View->render()
#4 /home/n1775814/public_html/app/Controllers/Part.php(67): view()
#5 /home/n1775814/public_html/system/CodeIgniter.php(824): App\Controllers\Part->buatpart()
#6 /home/n1775814/public_html/system/CodeIgniter.php(410): CodeIgniter\CodeIgniter->runController()
#7 /home/n1775814/public_html/system/CodeIgniter.php(318): CodeIgniter\CodeIgniter->handleRequest()
#8 /home/n1775814/public_html/public/index.php(37): CodeIgniter\CodeIgniter->run()
#9 {main}
CRITICAL - 2022-02-22 05:03:36 --> mysqli_fetch_all(): Argument #1 ($result) must be of type mysqli_result, bool given
#0 /home/n1775814/public_html/app/Views/buatpart.php(5): mysqli_fetch_all()
#1 /home/n1775814/public_html/system/View/View.php(214): include('/home/n1775814/...')
#2 /home/n1775814/public_html/system/View/View.php(217): CodeIgniter\View\View->CodeIgniter\View\{closure}()
#3 /home/n1775814/public_html/system/Common.php(1097): CodeIgniter\View\View->render()
#4 /home/n1775814/public_html/app/Controllers/Part.php(67): view()
#5 /home/n1775814/public_html/system/CodeIgniter.php(824): App\Controllers\Part->buatpart()
#6 /home/n1775814/public_html/system/CodeIgniter.php(410): CodeIgniter\CodeIgniter->runController()
#7 /home/n1775814/public_html/system/CodeIgniter.php(318): CodeIgniter\CodeIgniter->handleRequest()
#8 /home/n1775814/public_html/public/index.php(37): CodeIgniter\CodeIgniter->run()
#9 {main}
CRITICAL - 2022-02-22 05:03:36 --> mysqli_fetch_all(): Argument #1 ($result) must be of type mysqli_result, bool given
#0 /home/n1775814/public_html/app/Views/buatpart.php(5): mysqli_fetch_all()
#1 /home/n1775814/public_html/system/View/View.php(214): include('/home/n1775814/...')
#2 /home/n1775814/public_html/system/View/View.php(217): CodeIgniter\View\View->CodeIgniter\View\{closure}()
#3 /home/n1775814/public_html/system/Common.php(1097): CodeIgniter\View\View->render()
#4 /home/n1775814/public_html/app/Controllers/Part.php(67): view()
#5 /home/n1775814/public_html/system/CodeIgniter.php(824): App\Controllers\Part->buatpart()
#6 /home/n1775814/public_html/system/CodeIgniter.php(410): CodeIgniter\CodeIgniter->runController()
#7 /home/n1775814/public_html/system/CodeIgniter.php(318): CodeIgniter\CodeIgniter->handleRequest()
#8 /home/n1775814/public_html/public/index.php(37): CodeIgniter\CodeIgniter->run()
#9 {main}
CRITICAL - 2022-02-22 05:03:36 --> mysqli_fetch_all(): Argument #1 ($result) must be of type mysqli_result, bool given
#0 /home/n1775814/public_html/app/Views/buatpart.php(5): mysqli_fetch_all()
#1 /home/n1775814/public_html/system/View/View.php(214): include('/home/n1775814/...')
#2 /home/n1775814/public_html/system/View/View.php(217): CodeIgniter\View\View->CodeIgniter\View\{closure}()
#3 /home/n1775814/public_html/system/Common.php(1097): CodeIgniter\View\View->render()
#4 /home/n1775814/public_html/app/Controllers/Part.php(67): view()
#5 /home/n1775814/public_html/system/CodeIgniter.php(824): App\Controllers\Part->buatpart()
#6 /home/n1775814/public_html/system/CodeIgniter.php(410): CodeIgniter\CodeIgniter->runController()
#7 /home/n1775814/public_html/system/CodeIgniter.php(318): CodeIgniter\CodeIgniter->handleRequest()
#8 /home/n1775814/public_html/public/index.php(37): CodeIgniter\CodeIgniter->run()
#9 {main}
CRITICAL - 2022-02-22 05:03:36 --> mysqli_fetch_all(): Argument #1 ($result) must be of type mysqli_result, bool given
#0 /home/n1775814/public_html/app/Views/buatpart.php(5): mysqli_fetch_all()
#1 /home/n1775814/public_html/system/View/View.php(214): include('/home/n1775814/...')
#2 /home/n1775814/public_html/system/View/View.php(217): CodeIgniter\View\View->CodeIgniter\View\{closure}()
#3 /home/n1775814/public_html/system/Common.php(1097): CodeIgniter\View\View->render()
#4 /home/n1775814/public_html/app/Controllers/Part.php(67): view()
#5 /home/n1775814/public_html/system/CodeIgniter.php(824): App\Controllers\Part->buatpart()
#6 /home/n1775814/public_html/system/CodeIgniter.php(410): CodeIgniter\CodeIgniter->runController()
#7 /home/n1775814/public_html/system/CodeIgniter.php(318): CodeIgniter\CodeIgniter->handleRequest()
#8 /home/n1775814/public_html/public/index.php(37): CodeIgniter\CodeIgniter->run()
#9 {main}
CRITICAL - 2022-02-22 05:03:37 --> mysqli_fetch_all(): Argument #1 ($result) must be of type mysqli_result, bool given
#0 /home/n1775814/public_html/app/Views/buatpart.php(5): mysqli_fetch_all()
#1 /home/n1775814/public_html/system/View/View.php(214): include('/home/n1775814/...')
#2 /home/n1775814/public_html/system/View/View.php(217): CodeIgniter\View\View->CodeIgniter\View\{closure}()
#3 /home/n1775814/public_html/system/Common.php(1097): CodeIgniter\View\View->render()
#4 /home/n1775814/public_html/app/Controllers/Part.php(67): view()
#5 /home/n1775814/public_html/system/CodeIgniter.php(824): App\Controllers\Part->buatpart()
#6 /home/n1775814/public_html/system/CodeIgniter.php(410): CodeIgniter\CodeIgniter->runController()
#7 /home/n1775814/public_html/system/CodeIgniter.php(318): CodeIgniter\CodeIgniter->handleRequest()
#8 /home/n1775814/public_html/public/index.php(37): CodeIgniter\CodeIgniter->run()
#9 {main}
CRITICAL - 2022-02-22 05:03:37 --> mysqli_fetch_all(): Argument #1 ($result) must be of type mysqli_result, bool given
#0 /home/n1775814/public_html/app/Views/buatpart.php(5): mysqli_fetch_all()
#1 /home/n1775814/public_html/system/View/View.php(214): include('/home/n1775814/...')
#2 /home/n1775814/public_html/system/View/View.php(217): CodeIgniter\View\View->CodeIgniter\View\{closure}()
#3 /home/n1775814/public_html/system/Common.php(1097): CodeIgniter\View\View->render()
#4 /home/n1775814/public_html/app/Controllers/Part.php(67): view()
#5 /home/n1775814/public_html/system/CodeIgniter.php(824): App\Controllers\Part->buatpart()
#6 /home/n1775814/public_html/system/CodeIgniter.php(410): CodeIgniter\CodeIgniter->runController()
#7 /home/n1775814/public_html/system/CodeIgniter.php(318): CodeIgniter\CodeIgniter->handleRequest()
#8 /home/n1775814/public_html/public/index.php(37): CodeIgniter\CodeIgniter->run()
#9 {main}
CRITICAL - 2022-02-22 07:39:52 --> Undefined variable $qtyinspot
#0 /home/n1775814/public_html/app/Controllers/Production.php(550): CodeIgniter\Debug\Exceptions->errorHandler()
#1 /home/n1775814/public_html/system/CodeIgniter.php(824): App\Controllers\Production->input1()
#2 /home/n1775814/public_html/system/CodeIgniter.php(410): CodeIgniter\CodeIgniter->runController()
#3 /home/n1775814/public_html/system/CodeIgniter.php(318): CodeIgniter\CodeIgniter->handleRequest()
#4 /home/n1775814/public_html/public/index.php(37): CodeIgniter\CodeIgniter->run()
#5 {main}
CRITICAL - 2022-02-22 09:31:59 --> mysqli_connect(): (HY000/2002): No such file or directory
#0 [internal function]: CodeIgniter\Debug\Exceptions->errorHandler()
#1 /home/n1775814/public_html/app/Controllers/Home.php(82): mysqli_connect()
#2 /home/n1775814/public_html/system/CodeIgniter.php(824): App\Controllers\Home->login()
#3 /home/n1775814/public_html/system/CodeIgniter.php(410): CodeIgniter\CodeIgniter->runController()
#4 /home/n1775814/public_html/system/CodeIgniter.php(318): CodeIgniter\CodeIgniter->handleRequest()
#5 /home/n1775814/public_html/public/index.php(37): CodeIgniter\CodeIgniter->run()
#6 {main}
