CRITICAL - 2022-03-17 04:17:36 --> mysqli_fetch_all(): Argument #1 ($result) must be of type mysqli_result, bool given
#0 /home/n1775814/public_html/app/Views/buatpart.php(5): mysqli_fetch_all()
#1 /home/n1775814/public_html/system/View/View.php(214): include('/home/n1775814/...')
#2 /home/n1775814/public_html/system/View/View.php(217): CodeIgniter\View\View->CodeIgniter\View\{closure}()
#3 /home/n1775814/public_html/system/Common.php(1097): CodeIgniter\View\View->render()
#4 /home/n1775814/public_html/app/Controllers/Part.php(67): view()
#5 /home/n1775814/public_html/system/CodeIgniter.php(824): App\Controllers\Part->buatpart()
#6 /home/n1775814/public_html/system/CodeIgniter.php(410): CodeIgniter\CodeIgniter->runController()
#7 /home/n1775814/public_html/system/CodeIgniter.php(318): CodeIgniter\CodeIgniter->handleRequest()
#8 /home/n1775814/public_html/public/index.php(37): CodeIgniter\CodeIgniter->run()
#9 {main}
CRITICAL - 2022-03-17 04:17:36 --> mysqli_fetch_all(): Argument #1 ($result) must be of type mysqli_result, bool given
#0 /home/n1775814/public_html/app/Views/buatpart.php(5): mysqli_fetch_all()
#1 /home/n1775814/public_html/system/View/View.php(214): include('/home/n1775814/...')
#2 /home/n1775814/public_html/system/View/View.php(217): CodeIgniter\View\View->CodeIgniter\View\{closure}()
#3 /home/n1775814/public_html/system/Common.php(1097): CodeIgniter\View\View->render()
#4 /home/n1775814/public_html/app/Controllers/Part.php(67): view()
#5 /home/n1775814/public_html/system/CodeIgniter.php(824): App\Controllers\Part->buatpart()
#6 /home/n1775814/public_html/system/CodeIgniter.php(410): CodeIgniter\CodeIgniter->runController()
#7 /home/n1775814/public_html/system/CodeIgniter.php(318): CodeIgniter\CodeIgniter->handleRequest()
#8 /home/n1775814/public_html/public/index.php(37): CodeIgniter\CodeIgniter->run()
#9 {main}
CRITICAL - 2022-03-17 04:17:36 --> mysqli_fetch_all(): Argument #1 ($result) must be of type mysqli_result, bool given
#0 /home/n1775814/public_html/app/Views/buatpart.php(5): mysqli_fetch_all()
#1 /home/n1775814/public_html/system/View/View.php(214): include('/home/n1775814/...')
#2 /home/n1775814/public_html/system/View/View.php(217): CodeIgniter\View\View->CodeIgniter\View\{closure}()
#3 /home/n1775814/public_html/system/Common.php(1097): CodeIgniter\View\View->render()
#4 /home/n1775814/public_html/app/Controllers/Part.php(67): view()
#5 /home/n1775814/public_html/system/CodeIgniter.php(824): App\Controllers\Part->buatpart()
#6 /home/n1775814/public_html/system/CodeIgniter.php(410): CodeIgniter\CodeIgniter->runController()
#7 /home/n1775814/public_html/system/CodeIgniter.php(318): CodeIgniter\CodeIgniter->handleRequest()
#8 /home/n1775814/public_html/public/index.php(37): CodeIgniter\CodeIgniter->run()
#9 {main}
CRITICAL - 2022-03-17 04:17:36 --> mysqli_fetch_all(): Argument #1 ($result) must be of type mysqli_result, bool given
#0 /home/n1775814/public_html/app/Views/buatpart.php(5): mysqli_fetch_all()
#1 /home/n1775814/public_html/system/View/View.php(214): include('/home/n1775814/...')
#2 /home/n1775814/public_html/system/View/View.php(217): CodeIgniter\View\View->CodeIgniter\View\{closure}()
#3 /home/n1775814/public_html/system/Common.php(1097): CodeIgniter\View\View->render()
#4 /home/n1775814/public_html/app/Controllers/Part.php(67): view()
#5 /home/n1775814/public_html/system/CodeIgniter.php(824): App\Controllers\Part->buatpart()
#6 /home/n1775814/public_html/system/CodeIgniter.php(410): CodeIgniter\CodeIgniter->runController()
#7 /home/n1775814/public_html/system/CodeIgniter.php(318): CodeIgniter\CodeIgniter->handleRequest()
#8 /home/n1775814/public_html/public/index.php(37): CodeIgniter\CodeIgniter->run()
#9 {main}
CRITICAL - 2022-03-17 04:17:36 --> mysqli_fetch_all(): Argument #1 ($result) must be of type mysqli_result, bool given
#0 /home/n1775814/public_html/app/Views/buatpart.php(5): mysqli_fetch_all()
#1 /home/n1775814/public_html/system/View/View.php(214): include('/home/n1775814/...')
#2 /home/n1775814/public_html/system/View/View.php(217): CodeIgniter\View\View->CodeIgniter\View\{closure}()
#3 /home/n1775814/public_html/system/Common.php(1097): CodeIgniter\View\View->render()
#4 /home/n1775814/public_html/app/Controllers/Part.php(67): view()
#5 /home/n1775814/public_html/system/CodeIgniter.php(824): App\Controllers\Part->buatpart()
#6 /home/n1775814/public_html/system/CodeIgniter.php(410): CodeIgniter\CodeIgniter->runController()
#7 /home/n1775814/public_html/system/CodeIgniter.php(318): CodeIgniter\CodeIgniter->handleRequest()
#8 /home/n1775814/public_html/public/index.php(37): CodeIgniter\CodeIgniter->run()
#9 {main}
CRITICAL - 2022-03-17 04:17:37 --> mysqli_fetch_all(): Argument #1 ($result) must be of type mysqli_result, bool given
#0 /home/n1775814/public_html/app/Views/buatpart.php(5): mysqli_fetch_all()
#1 /home/n1775814/public_html/system/View/View.php(214): include('/home/n1775814/...')
#2 /home/n1775814/public_html/system/View/View.php(217): CodeIgniter\View\View->CodeIgniter\View\{closure}()
#3 /home/n1775814/public_html/system/Common.php(1097): CodeIgniter\View\View->render()
#4 /home/n1775814/public_html/app/Controllers/Part.php(67): view()
#5 /home/n1775814/public_html/system/CodeIgniter.php(824): App\Controllers\Part->buatpart()
#6 /home/n1775814/public_html/system/CodeIgniter.php(410): CodeIgniter\CodeIgniter->runController()
#7 /home/n1775814/public_html/system/CodeIgniter.php(318): CodeIgniter\CodeIgniter->handleRequest()
#8 /home/n1775814/public_html/public/index.php(37): CodeIgniter\CodeIgniter->run()
#9 {main}
CRITICAL - 2022-03-17 04:17:37 --> mysqli_fetch_all(): Argument #1 ($result) must be of type mysqli_result, bool given
#0 /home/n1775814/public_html/app/Views/buatpart.php(5): mysqli_fetch_all()
#1 /home/n1775814/public_html/system/View/View.php(214): include('/home/n1775814/...')
#2 /home/n1775814/public_html/system/View/View.php(217): CodeIgniter\View\View->CodeIgniter\View\{closure}()
#3 /home/n1775814/public_html/system/Common.php(1097): CodeIgniter\View\View->render()
#4 /home/n1775814/public_html/app/Controllers/Part.php(67): view()
#5 /home/n1775814/public_html/system/CodeIgniter.php(824): App\Controllers\Part->buatpart()
#6 /home/n1775814/public_html/system/CodeIgniter.php(410): CodeIgniter\CodeIgniter->runController()
#7 /home/n1775814/public_html/system/CodeIgniter.php(318): CodeIgniter\CodeIgniter->handleRequest()
#8 /home/n1775814/public_html/public/index.php(37): CodeIgniter\CodeIgniter->run()
#9 {main}
