CRITICAL - 2022-03-14 05:06:44 --> syntax error, unexpected token ">"
#0 /home/n1775814/public_html/system/View/View.php(217): CodeIgniter\View\View->CodeIgniter\View\{closure}()
#1 /home/n1775814/public_html/system/Common.php(1097): CodeIgniter\View\View->render()
#2 /home/n1775814/public_html/app/Controllers/Warehousefg.php(44): view()
#3 /home/n1775814/public_html/system/CodeIgniter.php(824): App\Controllers\Warehousefg->index()
#4 /home/n1775814/public_html/system/CodeIgniter.php(410): CodeIgniter\CodeIgniter->runController()
#5 /home/n1775814/public_html/system/CodeIgniter.php(318): CodeIgniter\CodeIgniter->handleRequest()
#6 /home/n1775814/public_html/public/index.php(37): CodeIgniter\CodeIgniter->run()
#7 {main}
CRITICAL - 2022-03-14 05:07:34 --> syntax error, unexpected token ">"
#0 /home/n1775814/public_html/system/View/View.php(217): CodeIgniter\View\View->CodeIgniter\View\{closure}()
#1 /home/n1775814/public_html/system/Common.php(1097): CodeIgniter\View\View->render()
#2 /home/n1775814/public_html/app/Controllers/Warehousefg.php(44): view()
#3 /home/n1775814/public_html/system/CodeIgniter.php(824): App\Controllers\Warehousefg->index()
#4 /home/n1775814/public_html/system/CodeIgniter.php(410): CodeIgniter\CodeIgniter->runController()
#5 /home/n1775814/public_html/system/CodeIgniter.php(318): CodeIgniter\CodeIgniter->handleRequest()
#6 /home/n1775814/public_html/public/index.php(37): CodeIgniter\CodeIgniter->run()
#7 {main}
CRITICAL - 2022-03-14 05:09:18 --> syntax error, unexpected token "<", expecting end of file
#0 /home/n1775814/public_html/system/View/View.php(217): CodeIgniter\View\View->CodeIgniter\View\{closure}()
#1 /home/n1775814/public_html/system/Common.php(1097): CodeIgniter\View\View->render()
#2 /home/n1775814/public_html/app/Controllers/Warehousefg.php(44): view()
#3 /home/n1775814/public_html/system/CodeIgniter.php(824): App\Controllers\Warehousefg->index()
#4 /home/n1775814/public_html/system/CodeIgniter.php(410): CodeIgniter\CodeIgniter->runController()
#5 /home/n1775814/public_html/system/CodeIgniter.php(318): CodeIgniter\CodeIgniter->handleRequest()
#6 /home/n1775814/public_html/public/index.php(37): CodeIgniter\CodeIgniter->run()
#7 {main}
CRITICAL - 2022-03-14 05:10:30 --> syntax error, unexpected token "<"
#0 /home/n1775814/public_html/system/View/View.php(217): CodeIgniter\View\View->CodeIgniter\View\{closure}()
#1 /home/n1775814/public_html/system/Common.php(1097): CodeIgniter\View\View->render()
#2 /home/n1775814/public_html/app/Controllers/Warehousefg.php(44): view()
#3 /home/n1775814/public_html/system/CodeIgniter.php(824): App\Controllers\Warehousefg->index()
#4 /home/n1775814/public_html/system/CodeIgniter.php(410): CodeIgniter\CodeIgniter->runController()
#5 /home/n1775814/public_html/system/CodeIgniter.php(318): CodeIgniter\CodeIgniter->handleRequest()
#6 /home/n1775814/public_html/public/index.php(37): CodeIgniter\CodeIgniter->run()
#7 {main}
CRITICAL - 2022-03-14 05:29:31 --> Unclosed '{' on line 64
#0 /home/n1775814/public_html/system/View/View.php(217): CodeIgniter\View\View->CodeIgniter\View\{closure}()
#1 /home/n1775814/public_html/system/Common.php(1097): CodeIgniter\View\View->render()
#2 /home/n1775814/public_html/app/Controllers/Warehousefg.php(44): view()
#3 /home/n1775814/public_html/system/CodeIgniter.php(824): App\Controllers\Warehousefg->index()
#4 /home/n1775814/public_html/system/CodeIgniter.php(410): CodeIgniter\CodeIgniter->runController()
#5 /home/n1775814/public_html/system/CodeIgniter.php(318): CodeIgniter\CodeIgniter->handleRequest()
#6 /home/n1775814/public_html/public/index.php(37): CodeIgniter\CodeIgniter->run()
#7 {main}
CRITICAL - 2022-03-14 05:29:46 --> Unclosed '{' on line 64
#0 /home/n1775814/public_html/system/View/View.php(217): CodeIgniter\View\View->CodeIgniter\View\{closure}()
#1 /home/n1775814/public_html/system/Common.php(1097): CodeIgniter\View\View->render()
#2 /home/n1775814/public_html/app/Controllers/Warehousefg.php(44): view()
#3 /home/n1775814/public_html/system/CodeIgniter.php(824): App\Controllers\Warehousefg->index()
#4 /home/n1775814/public_html/system/CodeIgniter.php(410): CodeIgniter\CodeIgniter->runController()
#5 /home/n1775814/public_html/system/CodeIgniter.php(318): CodeIgniter\CodeIgniter->handleRequest()
#6 /home/n1775814/public_html/public/index.php(37): CodeIgniter\CodeIgniter->run()
#7 {main}
