CRITICAL - 2022-02-20 21:35:10 --> Undefined array key "username"
#0 /home/n1775814/public_html/app/Controllers/Home.php(90): CodeIgniter\Debug\Exceptions->errorHandler()
#1 /home/n1775814/public_html/system/CodeIgniter.php(824): App\Controllers\Home->login()
#2 /home/n1775814/public_html/system/CodeIgniter.php(410): CodeIgniter\CodeIgniter->runController()
#3 /home/n1775814/public_html/system/CodeIgniter.php(318): CodeIgniter\CodeIgniter->handleRequest()
#4 /home/n1775814/public_html/public/index.php(37): CodeIgniter\CodeIgniter->run()
#5 {main}
CRITICAL - 2022-02-20 22:22:44 --> mysqli_fetch_all(): Argument #1 ($result) must be of type mysqli_result, bool given
#0 /home/n1775814/public_html/app/Views/buatpart.php(5): mysqli_fetch_all()
#1 /home/n1775814/public_html/system/View/View.php(214): include('/home/n1775814/...')
#2 /home/n1775814/public_html/system/View/View.php(217): CodeIgniter\View\View->CodeIgniter\View\{closure}()
#3 /home/n1775814/public_html/system/Common.php(1097): CodeIgniter\View\View->render()
#4 /home/n1775814/public_html/app/Controllers/Part.php(67): view()
#5 /home/n1775814/public_html/system/CodeIgniter.php(824): App\Controllers\Part->buatpart()
#6 /home/n1775814/public_html/system/CodeIgniter.php(410): CodeIgniter\CodeIgniter->runController()
#7 /home/n1775814/public_html/system/CodeIgniter.php(318): CodeIgniter\CodeIgniter->handleRequest()
#8 /home/n1775814/public_html/public/index.php(37): CodeIgniter\CodeIgniter->run()
#9 {main}
CRITICAL - 2022-02-20 22:22:44 --> mysqli_fetch_all(): Argument #1 ($result) must be of type mysqli_result, bool given
#0 /home/n1775814/public_html/app/Views/buatpart.php(5): mysqli_fetch_all()
#1 /home/n1775814/public_html/system/View/View.php(214): include('/home/n1775814/...')
#2 /home/n1775814/public_html/system/View/View.php(217): CodeIgniter\View\View->CodeIgniter\View\{closure}()
#3 /home/n1775814/public_html/system/Common.php(1097): CodeIgniter\View\View->render()
#4 /home/n1775814/public_html/app/Controllers/Part.php(67): view()
#5 /home/n1775814/public_html/system/CodeIgniter.php(824): App\Controllers\Part->buatpart()
#6 /home/n1775814/public_html/system/CodeIgniter.php(410): CodeIgniter\CodeIgniter->runController()
#7 /home/n1775814/public_html/system/CodeIgniter.php(318): CodeIgniter\CodeIgniter->handleRequest()
#8 /home/n1775814/public_html/public/index.php(37): CodeIgniter\CodeIgniter->run()
#9 {main}
CRITICAL - 2022-02-20 22:22:44 --> mysqli_fetch_all(): Argument #1 ($result) must be of type mysqli_result, bool given
#0 /home/n1775814/public_html/app/Views/buatpart.php(5): mysqli_fetch_all()
#1 /home/n1775814/public_html/system/View/View.php(214): include('/home/n1775814/...')
#2 /home/n1775814/public_html/system/View/View.php(217): CodeIgniter\View\View->CodeIgniter\View\{closure}()
#3 /home/n1775814/public_html/system/Common.php(1097): CodeIgniter\View\View->render()
#4 /home/n1775814/public_html/app/Controllers/Part.php(67): view()
#5 /home/n1775814/public_html/system/CodeIgniter.php(824): App\Controllers\Part->buatpart()
#6 /home/n1775814/public_html/system/CodeIgniter.php(410): CodeIgniter\CodeIgniter->runController()
#7 /home/n1775814/public_html/system/CodeIgniter.php(318): CodeIgniter\CodeIgniter->handleRequest()
#8 /home/n1775814/public_html/public/index.php(37): CodeIgniter\CodeIgniter->run()
#9 {main}
CRITICAL - 2022-02-20 22:22:44 --> mysqli_fetch_all(): Argument #1 ($result) must be of type mysqli_result, bool given
#0 /home/n1775814/public_html/app/Views/buatpart.php(5): mysqli_fetch_all()
#1 /home/n1775814/public_html/system/View/View.php(214): include('/home/n1775814/...')
#2 /home/n1775814/public_html/system/View/View.php(217): CodeIgniter\View\View->CodeIgniter\View\{closure}()
#3 /home/n1775814/public_html/system/Common.php(1097): CodeIgniter\View\View->render()
#4 /home/n1775814/public_html/app/Controllers/Part.php(67): view()
#5 /home/n1775814/public_html/system/CodeIgniter.php(824): App\Controllers\Part->buatpart()
#6 /home/n1775814/public_html/system/CodeIgniter.php(410): CodeIgniter\CodeIgniter->runController()
#7 /home/n1775814/public_html/system/CodeIgniter.php(318): CodeIgniter\CodeIgniter->handleRequest()
#8 /home/n1775814/public_html/public/index.php(37): CodeIgniter\CodeIgniter->run()
#9 {main}
CRITICAL - 2022-02-20 22:22:44 --> mysqli_fetch_all(): Argument #1 ($result) must be of type mysqli_result, bool given
#0 /home/n1775814/public_html/app/Views/buatpart.php(5): mysqli_fetch_all()
#1 /home/n1775814/public_html/system/View/View.php(214): include('/home/n1775814/...')
#2 /home/n1775814/public_html/system/View/View.php(217): CodeIgniter\View\View->CodeIgniter\View\{closure}()
#3 /home/n1775814/public_html/system/Common.php(1097): CodeIgniter\View\View->render()
#4 /home/n1775814/public_html/app/Controllers/Part.php(67): view()
#5 /home/n1775814/public_html/system/CodeIgniter.php(824): App\Controllers\Part->buatpart()
#6 /home/n1775814/public_html/system/CodeIgniter.php(410): CodeIgniter\CodeIgniter->runController()
#7 /home/n1775814/public_html/system/CodeIgniter.php(318): CodeIgniter\CodeIgniter->handleRequest()
#8 /home/n1775814/public_html/public/index.php(37): CodeIgniter\CodeIgniter->run()
#9 {main}
CRITICAL - 2022-02-20 22:22:44 --> mysqli_fetch_all(): Argument #1 ($result) must be of type mysqli_result, bool given
#0 /home/n1775814/public_html/app/Views/buatpart.php(5): mysqli_fetch_all()
#1 /home/n1775814/public_html/system/View/View.php(214): include('/home/n1775814/...')
#2 /home/n1775814/public_html/system/View/View.php(217): CodeIgniter\View\View->CodeIgniter\View\{closure}()
#3 /home/n1775814/public_html/system/Common.php(1097): CodeIgniter\View\View->render()
#4 /home/n1775814/public_html/app/Controllers/Part.php(67): view()
#5 /home/n1775814/public_html/system/CodeIgniter.php(824): App\Controllers\Part->buatpart()
#6 /home/n1775814/public_html/system/CodeIgniter.php(410): CodeIgniter\CodeIgniter->runController()
#7 /home/n1775814/public_html/system/CodeIgniter.php(318): CodeIgniter\CodeIgniter->handleRequest()
#8 /home/n1775814/public_html/public/index.php(37): CodeIgniter\CodeIgniter->run()
#9 {main}
CRITICAL - 2022-02-20 22:22:45 --> mysqli_fetch_all(): Argument #1 ($result) must be of type mysqli_result, bool given
#0 /home/n1775814/public_html/app/Views/buatpart.php(5): mysqli_fetch_all()
#1 /home/n1775814/public_html/system/View/View.php(214): include('/home/n1775814/...')
#2 /home/n1775814/public_html/system/View/View.php(217): CodeIgniter\View\View->CodeIgniter\View\{closure}()
#3 /home/n1775814/public_html/system/Common.php(1097): CodeIgniter\View\View->render()
#4 /home/n1775814/public_html/app/Controllers/Part.php(67): view()
#5 /home/n1775814/public_html/system/CodeIgniter.php(824): App\Controllers\Part->buatpart()
#6 /home/n1775814/public_html/system/CodeIgniter.php(410): CodeIgniter\CodeIgniter->runController()
#7 /home/n1775814/public_html/system/CodeIgniter.php(318): CodeIgniter\CodeIgniter->handleRequest()
#8 /home/n1775814/public_html/public/index.php(37): CodeIgniter\CodeIgniter->run()
#9 {main}
CRITICAL - 2022-02-20 22:22:45 --> mysqli_fetch_all(): Argument #1 ($result) must be of type mysqli_result, bool given
#0 /home/n1775814/public_html/app/Views/buatpart.php(5): mysqli_fetch_all()
#1 /home/n1775814/public_html/system/View/View.php(214): include('/home/n1775814/...')
#2 /home/n1775814/public_html/system/View/View.php(217): CodeIgniter\View\View->CodeIgniter\View\{closure}()
#3 /home/n1775814/public_html/system/Common.php(1097): CodeIgniter\View\View->render()
#4 /home/n1775814/public_html/app/Controllers/Part.php(67): view()
#5 /home/n1775814/public_html/system/CodeIgniter.php(824): App\Controllers\Part->buatpart()
#6 /home/n1775814/public_html/system/CodeIgniter.php(410): CodeIgniter\CodeIgniter->runController()
#7 /home/n1775814/public_html/system/CodeIgniter.php(318): CodeIgniter\CodeIgniter->handleRequest()
#8 /home/n1775814/public_html/public/index.php(37): CodeIgniter\CodeIgniter->run()
#9 {main}
CRITICAL - 2022-02-20 22:22:46 --> mysqli_fetch_all(): Argument #1 ($result) must be of type mysqli_result, bool given
#0 /home/n1775814/public_html/app/Views/buatpart.php(5): mysqli_fetch_all()
#1 /home/n1775814/public_html/system/View/View.php(214): include('/home/n1775814/...')
#2 /home/n1775814/public_html/system/View/View.php(217): CodeIgniter\View\View->CodeIgniter\View\{closure}()
#3 /home/n1775814/public_html/system/Common.php(1097): CodeIgniter\View\View->render()
#4 /home/n1775814/public_html/app/Controllers/Part.php(67): view()
#5 /home/n1775814/public_html/system/CodeIgniter.php(824): App\Controllers\Part->buatpart()
#6 /home/n1775814/public_html/system/CodeIgniter.php(410): CodeIgniter\CodeIgniter->runController()
#7 /home/n1775814/public_html/system/CodeIgniter.php(318): CodeIgniter\CodeIgniter->handleRequest()
#8 /home/n1775814/public_html/public/index.php(37): CodeIgniter\CodeIgniter->run()
#9 {main}
CRITICAL - 2022-02-20 22:44:12 --> mysqli_fetch_all(): Argument #1 ($result) must be of type mysqli_result, bool given
#0 /home/n1775814/public_html/app/Views/buatpart.php(5): mysqli_fetch_all()
#1 /home/n1775814/public_html/system/View/View.php(214): include('/home/n1775814/...')
#2 /home/n1775814/public_html/system/View/View.php(217): CodeIgniter\View\View->CodeIgniter\View\{closure}()
#3 /home/n1775814/public_html/system/Common.php(1097): CodeIgniter\View\View->render()
#4 /home/n1775814/public_html/app/Controllers/Part.php(67): view()
#5 /home/n1775814/public_html/system/CodeIgniter.php(824): App\Controllers\Part->buatpart()
#6 /home/n1775814/public_html/system/CodeIgniter.php(410): CodeIgniter\CodeIgniter->runController()
#7 /home/n1775814/public_html/system/CodeIgniter.php(318): CodeIgniter\CodeIgniter->handleRequest()
#8 /home/n1775814/public_html/public/index.php(37): CodeIgniter\CodeIgniter->run()
#9 {main}
CRITICAL - 2022-02-20 22:44:12 --> mysqli_fetch_all(): Argument #1 ($result) must be of type mysqli_result, bool given
#0 /home/n1775814/public_html/app/Views/buatpart.php(5): mysqli_fetch_all()
#1 /home/n1775814/public_html/system/View/View.php(214): include('/home/n1775814/...')
#2 /home/n1775814/public_html/system/View/View.php(217): CodeIgniter\View\View->CodeIgniter\View\{closure}()
#3 /home/n1775814/public_html/system/Common.php(1097): CodeIgniter\View\View->render()
#4 /home/n1775814/public_html/app/Controllers/Part.php(67): view()
#5 /home/n1775814/public_html/system/CodeIgniter.php(824): App\Controllers\Part->buatpart()
#6 /home/n1775814/public_html/system/CodeIgniter.php(410): CodeIgniter\CodeIgniter->runController()
#7 /home/n1775814/public_html/system/CodeIgniter.php(318): CodeIgniter\CodeIgniter->handleRequest()
#8 /home/n1775814/public_html/public/index.php(37): CodeIgniter\CodeIgniter->run()
#9 {main}
CRITICAL - 2022-02-20 22:44:12 --> mysqli_fetch_all(): Argument #1 ($result) must be of type mysqli_result, bool given
#0 /home/n1775814/public_html/app/Views/buatpart.php(5): mysqli_fetch_all()
#1 /home/n1775814/public_html/system/View/View.php(214): include('/home/n1775814/...')
#2 /home/n1775814/public_html/system/View/View.php(217): CodeIgniter\View\View->CodeIgniter\View\{closure}()
#3 /home/n1775814/public_html/system/Common.php(1097): CodeIgniter\View\View->render()
#4 /home/n1775814/public_html/app/Controllers/Part.php(67): view()
#5 /home/n1775814/public_html/system/CodeIgniter.php(824): App\Controllers\Part->buatpart()
#6 /home/n1775814/public_html/system/CodeIgniter.php(410): CodeIgniter\CodeIgniter->runController()
#7 /home/n1775814/public_html/system/CodeIgniter.php(318): CodeIgniter\CodeIgniter->handleRequest()
#8 /home/n1775814/public_html/public/index.php(37): CodeIgniter\CodeIgniter->run()
#9 {main}
CRITICAL - 2022-02-20 22:44:12 --> mysqli_fetch_all(): Argument #1 ($result) must be of type mysqli_result, bool given
#0 /home/n1775814/public_html/app/Views/buatpart.php(5): mysqli_fetch_all()
#1 /home/n1775814/public_html/system/View/View.php(214): include('/home/n1775814/...')
#2 /home/n1775814/public_html/system/View/View.php(217): CodeIgniter\View\View->CodeIgniter\View\{closure}()
#3 /home/n1775814/public_html/system/Common.php(1097): CodeIgniter\View\View->render()
#4 /home/n1775814/public_html/app/Controllers/Part.php(67): view()
#5 /home/n1775814/public_html/system/CodeIgniter.php(824): App\Controllers\Part->buatpart()
#6 /home/n1775814/public_html/system/CodeIgniter.php(410): CodeIgniter\CodeIgniter->runController()
#7 /home/n1775814/public_html/system/CodeIgniter.php(318): CodeIgniter\CodeIgniter->handleRequest()
#8 /home/n1775814/public_html/public/index.php(37): CodeIgniter\CodeIgniter->run()
#9 {main}
CRITICAL - 2022-02-20 22:44:12 --> mysqli_fetch_all(): Argument #1 ($result) must be of type mysqli_result, bool given
#0 /home/n1775814/public_html/app/Views/buatpart.php(5): mysqli_fetch_all()
#1 /home/n1775814/public_html/system/View/View.php(214): include('/home/n1775814/...')
#2 /home/n1775814/public_html/system/View/View.php(217): CodeIgniter\View\View->CodeIgniter\View\{closure}()
#3 /home/n1775814/public_html/system/Common.php(1097): CodeIgniter\View\View->render()
#4 /home/n1775814/public_html/app/Controllers/Part.php(67): view()
#5 /home/n1775814/public_html/system/CodeIgniter.php(824): App\Controllers\Part->buatpart()
#6 /home/n1775814/public_html/system/CodeIgniter.php(410): CodeIgniter\CodeIgniter->runController()
#7 /home/n1775814/public_html/system/CodeIgniter.php(318): CodeIgniter\CodeIgniter->handleRequest()
#8 /home/n1775814/public_html/public/index.php(37): CodeIgniter\CodeIgniter->run()
#9 {main}
CRITICAL - 2022-02-20 22:44:13 --> mysqli_fetch_all(): Argument #1 ($result) must be of type mysqli_result, bool given
#0 /home/n1775814/public_html/app/Views/buatpart.php(5): mysqli_fetch_all()
#1 /home/n1775814/public_html/system/View/View.php(214): include('/home/n1775814/...')
#2 /home/n1775814/public_html/system/View/View.php(217): CodeIgniter\View\View->CodeIgniter\View\{closure}()
#3 /home/n1775814/public_html/system/Common.php(1097): CodeIgniter\View\View->render()
#4 /home/n1775814/public_html/app/Controllers/Part.php(67): view()
#5 /home/n1775814/public_html/system/CodeIgniter.php(824): App\Controllers\Part->buatpart()
#6 /home/n1775814/public_html/system/CodeIgniter.php(410): CodeIgniter\CodeIgniter->runController()
#7 /home/n1775814/public_html/system/CodeIgniter.php(318): CodeIgniter\CodeIgniter->handleRequest()
#8 /home/n1775814/public_html/public/index.php(37): CodeIgniter\CodeIgniter->run()
#9 {main}
CRITICAL - 2022-02-20 22:44:13 --> mysqli_fetch_all(): Argument #1 ($result) must be of type mysqli_result, bool given
#0 /home/n1775814/public_html/app/Views/buatpart.php(5): mysqli_fetch_all()
#1 /home/n1775814/public_html/system/View/View.php(214): include('/home/n1775814/...')
#2 /home/n1775814/public_html/system/View/View.php(217): CodeIgniter\View\View->CodeIgniter\View\{closure}()
#3 /home/n1775814/public_html/system/Common.php(1097): CodeIgniter\View\View->render()
#4 /home/n1775814/public_html/app/Controllers/Part.php(67): view()
#5 /home/n1775814/public_html/system/CodeIgniter.php(824): App\Controllers\Part->buatpart()
#6 /home/n1775814/public_html/system/CodeIgniter.php(410): CodeIgniter\CodeIgniter->runController()
#7 /home/n1775814/public_html/system/CodeIgniter.php(318): CodeIgniter\CodeIgniter->handleRequest()
#8 /home/n1775814/public_html/public/index.php(37): CodeIgniter\CodeIgniter->run()
#9 {main}
CRITICAL - 2022-02-20 22:45:01 --> mysqli_fetch_all(): Argument #1 ($result) must be of type mysqli_result, bool given
#0 /home/n1775814/public_html/app/Views/buatpart.php(5): mysqli_fetch_all()
#1 /home/n1775814/public_html/system/View/View.php(214): include('/home/n1775814/...')
#2 /home/n1775814/public_html/system/View/View.php(217): CodeIgniter\View\View->CodeIgniter\View\{closure}()
#3 /home/n1775814/public_html/system/Common.php(1097): CodeIgniter\View\View->render()
#4 /home/n1775814/public_html/app/Controllers/Part.php(67): view()
#5 /home/n1775814/public_html/system/CodeIgniter.php(824): App\Controllers\Part->buatpart()
#6 /home/n1775814/public_html/system/CodeIgniter.php(410): CodeIgniter\CodeIgniter->runController()
#7 /home/n1775814/public_html/system/CodeIgniter.php(318): CodeIgniter\CodeIgniter->handleRequest()
#8 /home/n1775814/public_html/public/index.php(37): CodeIgniter\CodeIgniter->run()
#9 {main}
CRITICAL - 2022-02-20 22:45:01 --> mysqli_fetch_all(): Argument #1 ($result) must be of type mysqli_result, bool given
#0 /home/n1775814/public_html/app/Views/buatpart.php(5): mysqli_fetch_all()
#1 /home/n1775814/public_html/system/View/View.php(214): include('/home/n1775814/...')
#2 /home/n1775814/public_html/system/View/View.php(217): CodeIgniter\View\View->CodeIgniter\View\{closure}()
#3 /home/n1775814/public_html/system/Common.php(1097): CodeIgniter\View\View->render()
#4 /home/n1775814/public_html/app/Controllers/Part.php(67): view()
#5 /home/n1775814/public_html/system/CodeIgniter.php(824): App\Controllers\Part->buatpart()
#6 /home/n1775814/public_html/system/CodeIgniter.php(410): CodeIgniter\CodeIgniter->runController()
#7 /home/n1775814/public_html/system/CodeIgniter.php(318): CodeIgniter\CodeIgniter->handleRequest()
#8 /home/n1775814/public_html/public/index.php(37): CodeIgniter\CodeIgniter->run()
#9 {main}
CRITICAL - 2022-02-20 22:45:01 --> mysqli_fetch_all(): Argument #1 ($result) must be of type mysqli_result, bool given
#0 /home/n1775814/public_html/app/Views/buatpart.php(5): mysqli_fetch_all()
#1 /home/n1775814/public_html/system/View/View.php(214): include('/home/n1775814/...')
#2 /home/n1775814/public_html/system/View/View.php(217): CodeIgniter\View\View->CodeIgniter\View\{closure}()
#3 /home/n1775814/public_html/system/Common.php(1097): CodeIgniter\View\View->render()
#4 /home/n1775814/public_html/app/Controllers/Part.php(67): view()
#5 /home/n1775814/public_html/system/CodeIgniter.php(824): App\Controllers\Part->buatpart()
#6 /home/n1775814/public_html/system/CodeIgniter.php(410): CodeIgniter\CodeIgniter->runController()
#7 /home/n1775814/public_html/system/CodeIgniter.php(318): CodeIgniter\CodeIgniter->handleRequest()
#8 /home/n1775814/public_html/public/index.php(37): CodeIgniter\CodeIgniter->run()
#9 {main}
CRITICAL - 2022-02-20 22:45:01 --> mysqli_fetch_all(): Argument #1 ($result) must be of type mysqli_result, bool given
#0 /home/n1775814/public_html/app/Views/buatpart.php(5): mysqli_fetch_all()
#1 /home/n1775814/public_html/system/View/View.php(214): include('/home/n1775814/...')
#2 /home/n1775814/public_html/system/View/View.php(217): CodeIgniter\View\View->CodeIgniter\View\{closure}()
#3 /home/n1775814/public_html/system/Common.php(1097): CodeIgniter\View\View->render()
#4 /home/n1775814/public_html/app/Controllers/Part.php(67): view()
#5 /home/n1775814/public_html/system/CodeIgniter.php(824): App\Controllers\Part->buatpart()
#6 /home/n1775814/public_html/system/CodeIgniter.php(410): CodeIgniter\CodeIgniter->runController()
#7 /home/n1775814/public_html/system/CodeIgniter.php(318): CodeIgniter\CodeIgniter->handleRequest()
#8 /home/n1775814/public_html/public/index.php(37): CodeIgniter\CodeIgniter->run()
#9 {main}
CRITICAL - 2022-02-20 22:45:01 --> mysqli_fetch_all(): Argument #1 ($result) must be of type mysqli_result, bool given
#0 /home/n1775814/public_html/app/Views/buatpart.php(5): mysqli_fetch_all()
#1 /home/n1775814/public_html/system/View/View.php(214): include('/home/n1775814/...')
#2 /home/n1775814/public_html/system/View/View.php(217): CodeIgniter\View\View->CodeIgniter\View\{closure}()
#3 /home/n1775814/public_html/system/Common.php(1097): CodeIgniter\View\View->render()
#4 /home/n1775814/public_html/app/Controllers/Part.php(67): view()
#5 /home/n1775814/public_html/system/CodeIgniter.php(824): App\Controllers\Part->buatpart()
#6 /home/n1775814/public_html/system/CodeIgniter.php(410): CodeIgniter\CodeIgniter->runController()
#7 /home/n1775814/public_html/system/CodeIgniter.php(318): CodeIgniter\CodeIgniter->handleRequest()
#8 /home/n1775814/public_html/public/index.php(37): CodeIgniter\CodeIgniter->run()
#9 {main}
CRITICAL - 2022-02-20 22:45:01 --> mysqli_fetch_all(): Argument #1 ($result) must be of type mysqli_result, bool given
#0 /home/n1775814/public_html/app/Views/buatpart.php(5): mysqli_fetch_all()
#1 /home/n1775814/public_html/system/View/View.php(214): include('/home/n1775814/...')
#2 /home/n1775814/public_html/system/View/View.php(217): CodeIgniter\View\View->CodeIgniter\View\{closure}()
#3 /home/n1775814/public_html/system/Common.php(1097): CodeIgniter\View\View->render()
#4 /home/n1775814/public_html/app/Controllers/Part.php(67): view()
#5 /home/n1775814/public_html/system/CodeIgniter.php(824): App\Controllers\Part->buatpart()
#6 /home/n1775814/public_html/system/CodeIgniter.php(410): CodeIgniter\CodeIgniter->runController()
#7 /home/n1775814/public_html/system/CodeIgniter.php(318): CodeIgniter\CodeIgniter->handleRequest()
#8 /home/n1775814/public_html/public/index.php(37): CodeIgniter\CodeIgniter->run()
#9 {main}
CRITICAL - 2022-02-20 22:45:02 --> mysqli_fetch_all(): Argument #1 ($result) must be of type mysqli_result, bool given
#0 /home/n1775814/public_html/app/Views/buatpart.php(5): mysqli_fetch_all()
#1 /home/n1775814/public_html/system/View/View.php(214): include('/home/n1775814/...')
#2 /home/n1775814/public_html/system/View/View.php(217): CodeIgniter\View\View->CodeIgniter\View\{closure}()
#3 /home/n1775814/public_html/system/Common.php(1097): CodeIgniter\View\View->render()
#4 /home/n1775814/public_html/app/Controllers/Part.php(67): view()
#5 /home/n1775814/public_html/system/CodeIgniter.php(824): App\Controllers\Part->buatpart()
#6 /home/n1775814/public_html/system/CodeIgniter.php(410): CodeIgniter\CodeIgniter->runController()
#7 /home/n1775814/public_html/system/CodeIgniter.php(318): CodeIgniter\CodeIgniter->handleRequest()
#8 /home/n1775814/public_html/public/index.php(37): CodeIgniter\CodeIgniter->run()
#9 {main}
CRITICAL - 2022-02-20 22:58:50 --> mysqli_fetch_all(): Argument #1 ($result) must be of type mysqli_result, bool given
#0 /home/n1775814/public_html/app/Views/buatpart.php(5): mysqli_fetch_all()
#1 /home/n1775814/public_html/system/View/View.php(214): include('/home/n1775814/...')
#2 /home/n1775814/public_html/system/View/View.php(217): CodeIgniter\View\View->CodeIgniter\View\{closure}()
#3 /home/n1775814/public_html/system/Common.php(1097): CodeIgniter\View\View->render()
#4 /home/n1775814/public_html/app/Controllers/Part.php(67): view()
#5 /home/n1775814/public_html/system/CodeIgniter.php(824): App\Controllers\Part->buatpart()
#6 /home/n1775814/public_html/system/CodeIgniter.php(410): CodeIgniter\CodeIgniter->runController()
#7 /home/n1775814/public_html/system/CodeIgniter.php(318): CodeIgniter\CodeIgniter->handleRequest()
#8 /home/n1775814/public_html/public/index.php(37): CodeIgniter\CodeIgniter->run()
#9 {main}
CRITICAL - 2022-02-20 22:58:50 --> mysqli_fetch_all(): Argument #1 ($result) must be of type mysqli_result, bool given
#0 /home/n1775814/public_html/app/Views/buatpart.php(5): mysqli_fetch_all()
#1 /home/n1775814/public_html/system/View/View.php(214): include('/home/n1775814/...')
#2 /home/n1775814/public_html/system/View/View.php(217): CodeIgniter\View\View->CodeIgniter\View\{closure}()
#3 /home/n1775814/public_html/system/Common.php(1097): CodeIgniter\View\View->render()
#4 /home/n1775814/public_html/app/Controllers/Part.php(67): view()
#5 /home/n1775814/public_html/system/CodeIgniter.php(824): App\Controllers\Part->buatpart()
#6 /home/n1775814/public_html/system/CodeIgniter.php(410): CodeIgniter\CodeIgniter->runController()
#7 /home/n1775814/public_html/system/CodeIgniter.php(318): CodeIgniter\CodeIgniter->handleRequest()
#8 /home/n1775814/public_html/public/index.php(37): CodeIgniter\CodeIgniter->run()
#9 {main}
CRITICAL - 2022-02-20 22:58:50 --> mysqli_fetch_all(): Argument #1 ($result) must be of type mysqli_result, bool given
#0 /home/n1775814/public_html/app/Views/buatpart.php(5): mysqli_fetch_all()
#1 /home/n1775814/public_html/system/View/View.php(214): include('/home/n1775814/...')
#2 /home/n1775814/public_html/system/View/View.php(217): CodeIgniter\View\View->CodeIgniter\View\{closure}()
#3 /home/n1775814/public_html/system/Common.php(1097): CodeIgniter\View\View->render()
#4 /home/n1775814/public_html/app/Controllers/Part.php(67): view()
#5 /home/n1775814/public_html/system/CodeIgniter.php(824): App\Controllers\Part->buatpart()
#6 /home/n1775814/public_html/system/CodeIgniter.php(410): CodeIgniter\CodeIgniter->runController()
#7 /home/n1775814/public_html/system/CodeIgniter.php(318): CodeIgniter\CodeIgniter->handleRequest()
#8 /home/n1775814/public_html/public/index.php(37): CodeIgniter\CodeIgniter->run()
#9 {main}
CRITICAL - 2022-02-20 22:58:50 --> mysqli_fetch_all(): Argument #1 ($result) must be of type mysqli_result, bool given
#0 /home/n1775814/public_html/app/Views/buatpart.php(5): mysqli_fetch_all()
#1 /home/n1775814/public_html/system/View/View.php(214): include('/home/n1775814/...')
#2 /home/n1775814/public_html/system/View/View.php(217): CodeIgniter\View\View->CodeIgniter\View\{closure}()
#3 /home/n1775814/public_html/system/Common.php(1097): CodeIgniter\View\View->render()
#4 /home/n1775814/public_html/app/Controllers/Part.php(67): view()
#5 /home/n1775814/public_html/system/CodeIgniter.php(824): App\Controllers\Part->buatpart()
#6 /home/n1775814/public_html/system/CodeIgniter.php(410): CodeIgniter\CodeIgniter->runController()
#7 /home/n1775814/public_html/system/CodeIgniter.php(318): CodeIgniter\CodeIgniter->handleRequest()
#8 /home/n1775814/public_html/public/index.php(37): CodeIgniter\CodeIgniter->run()
#9 {main}
CRITICAL - 2022-02-20 22:58:50 --> mysqli_fetch_all(): Argument #1 ($result) must be of type mysqli_result, bool given
#0 /home/n1775814/public_html/app/Views/buatpart.php(5): mysqli_fetch_all()
#1 /home/n1775814/public_html/system/View/View.php(214): include('/home/n1775814/...')
#2 /home/n1775814/public_html/system/View/View.php(217): CodeIgniter\View\View->CodeIgniter\View\{closure}()
#3 /home/n1775814/public_html/system/Common.php(1097): CodeIgniter\View\View->render()
#4 /home/n1775814/public_html/app/Controllers/Part.php(67): view()
#5 /home/n1775814/public_html/system/CodeIgniter.php(824): App\Controllers\Part->buatpart()
#6 /home/n1775814/public_html/system/CodeIgniter.php(410): CodeIgniter\CodeIgniter->runController()
#7 /home/n1775814/public_html/system/CodeIgniter.php(318): CodeIgniter\CodeIgniter->handleRequest()
#8 /home/n1775814/public_html/public/index.php(37): CodeIgniter\CodeIgniter->run()
#9 {main}
CRITICAL - 2022-02-20 22:58:51 --> mysqli_fetch_all(): Argument #1 ($result) must be of type mysqli_result, bool given
#0 /home/n1775814/public_html/app/Views/buatpart.php(5): mysqli_fetch_all()
#1 /home/n1775814/public_html/system/View/View.php(214): include('/home/n1775814/...')
#2 /home/n1775814/public_html/system/View/View.php(217): CodeIgniter\View\View->CodeIgniter\View\{closure}()
#3 /home/n1775814/public_html/system/Common.php(1097): CodeIgniter\View\View->render()
#4 /home/n1775814/public_html/app/Controllers/Part.php(67): view()
#5 /home/n1775814/public_html/system/CodeIgniter.php(824): App\Controllers\Part->buatpart()
#6 /home/n1775814/public_html/system/CodeIgniter.php(410): CodeIgniter\CodeIgniter->runController()
#7 /home/n1775814/public_html/system/CodeIgniter.php(318): CodeIgniter\CodeIgniter->handleRequest()
#8 /home/n1775814/public_html/public/index.php(37): CodeIgniter\CodeIgniter->run()
#9 {main}
CRITICAL - 2022-02-20 22:58:51 --> mysqli_fetch_all(): Argument #1 ($result) must be of type mysqli_result, bool given
#0 /home/n1775814/public_html/app/Views/buatpart.php(5): mysqli_fetch_all()
#1 /home/n1775814/public_html/system/View/View.php(214): include('/home/n1775814/...')
#2 /home/n1775814/public_html/system/View/View.php(217): CodeIgniter\View\View->CodeIgniter\View\{closure}()
#3 /home/n1775814/public_html/system/Common.php(1097): CodeIgniter\View\View->render()
#4 /home/n1775814/public_html/app/Controllers/Part.php(67): view()
#5 /home/n1775814/public_html/system/CodeIgniter.php(824): App\Controllers\Part->buatpart()
#6 /home/n1775814/public_html/system/CodeIgniter.php(410): CodeIgniter\CodeIgniter->runController()
#7 /home/n1775814/public_html/system/CodeIgniter.php(318): CodeIgniter\CodeIgniter->handleRequest()
#8 /home/n1775814/public_html/public/index.php(37): CodeIgniter\CodeIgniter->run()
#9 {main}
