CRITICAL - 2022-01-10 08:06:39 --> mysqli_fetch_all(): Argument #1 ($result) must be of type mysqli_result, bool given
#0 C:\xampp\htdocs\scm\app\Views\buatpart.php(5): mysqli_fetch_all(false, 1)
#1 C:\xampp\htdocs\scm\system\View\View.php(214): include('C:\\xampp\\htdocs...')
#2 C:\xampp\htdocs\scm\system\View\View.php(217): CodeIgniter\View\View->CodeIgniter\View\{closure}()
#3 C:\xampp\htdocs\scm\system\Common.php(1097): CodeIgniter\View\View->render('buatpart', Array, true)
#4 C:\xampp\htdocs\scm\app\Controllers\Part.php(28): view('buatpart', Array)
#5 C:\xampp\htdocs\scm\system\CodeIgniter.php(824): App\Controllers\Part->buatpart('event.php')
#6 C:\xampp\htdocs\scm\system\CodeIgniter.php(410): CodeIgniter\CodeIgniter->runController(Object(App\Controllers\Part))
#7 C:\xampp\htdocs\scm\system\CodeIgniter.php(318): CodeIgniter\CodeIgniter->handleRequest(NULL, Object(Config\Cache), false)
#8 C:\xampp\htdocs\scm\public\index.php(37): CodeIgniter\CodeIgniter->run()
#9 {main}
CRITICAL - 2022-01-10 08:06:39 --> mysqli_fetch_all(): Argument #1 ($result) must be of type mysqli_result, bool given
#0 C:\xampp\htdocs\scm\app\Views\buatpart.php(5): mysqli_fetch_all(false, 1)
#1 C:\xampp\htdocs\scm\system\View\View.php(214): include('C:\\xampp\\htdocs...')
#2 C:\xampp\htdocs\scm\system\View\View.php(217): CodeIgniter\View\View->CodeIgniter\View\{closure}()
#3 C:\xampp\htdocs\scm\system\Common.php(1097): CodeIgniter\View\View->render('buatpart', Array, true)
#4 C:\xampp\htdocs\scm\app\Controllers\Part.php(28): view('buatpart', Array)
#5 C:\xampp\htdocs\scm\system\CodeIgniter.php(824): App\Controllers\Part->buatpart('tmpls', 'month.html')
#6 C:\xampp\htdocs\scm\system\CodeIgniter.php(410): CodeIgniter\CodeIgniter->runController(Object(App\Controllers\Part))
#7 C:\xampp\htdocs\scm\system\CodeIgniter.php(318): CodeIgniter\CodeIgniter->handleRequest(NULL, Object(Config\Cache), false)
#8 C:\xampp\htdocs\scm\public\index.php(37): CodeIgniter\CodeIgniter->run()
#9 {main}
CRITICAL - 2022-01-10 08:06:52 --> mysqli_fetch_all(): Argument #1 ($result) must be of type mysqli_result, bool given
#0 C:\xampp\htdocs\scm\app\Views\buatpart.php(5): mysqli_fetch_all(false, 1)
#1 C:\xampp\htdocs\scm\system\View\View.php(214): include('C:\\xampp\\htdocs...')
#2 C:\xampp\htdocs\scm\system\View\View.php(217): CodeIgniter\View\View->CodeIgniter\View\{closure}()
#3 C:\xampp\htdocs\scm\system\Common.php(1097): CodeIgniter\View\View->render('buatpart', Array, true)
#4 C:\xampp\htdocs\scm\app\Controllers\Part.php(28): view('buatpart', Array)
#5 C:\xampp\htdocs\scm\system\CodeIgniter.php(824): App\Controllers\Part->buatpart('event.php')
#6 C:\xampp\htdocs\scm\system\CodeIgniter.php(410): CodeIgniter\CodeIgniter->runController(Object(App\Controllers\Part))
#7 C:\xampp\htdocs\scm\system\CodeIgniter.php(318): CodeIgniter\CodeIgniter->handleRequest(NULL, Object(Config\Cache), false)
#8 C:\xampp\htdocs\scm\public\index.php(37): CodeIgniter\CodeIgniter->run()
#9 {main}
CRITICAL - 2022-01-10 08:06:52 --> mysqli_fetch_all(): Argument #1 ($result) must be of type mysqli_result, bool given
#0 C:\xampp\htdocs\scm\app\Views\buatpart.php(5): mysqli_fetch_all(false, 1)
#1 C:\xampp\htdocs\scm\system\View\View.php(214): include('C:\\xampp\\htdocs...')
#2 C:\xampp\htdocs\scm\system\View\View.php(217): CodeIgniter\View\View->CodeIgniter\View\{closure}()
#3 C:\xampp\htdocs\scm\system\Common.php(1097): CodeIgniter\View\View->render('buatpart', Array, true)
#4 C:\xampp\htdocs\scm\app\Controllers\Part.php(28): view('buatpart', Array)
#5 C:\xampp\htdocs\scm\system\CodeIgniter.php(824): App\Controllers\Part->buatpart('tmpls', 'month.html')
#6 C:\xampp\htdocs\scm\system\CodeIgniter.php(410): CodeIgniter\CodeIgniter->runController(Object(App\Controllers\Part))
#7 C:\xampp\htdocs\scm\system\CodeIgniter.php(318): CodeIgniter\CodeIgniter->handleRequest(NULL, Object(Config\Cache), false)
#8 C:\xampp\htdocs\scm\public\index.php(37): CodeIgniter\CodeIgniter->run()
#9 {main}
CRITICAL - 2022-01-10 08:14:14 --> Undefined array key "nama_customer"
#0 C:\xampp\htdocs\scm\app\Views\wh.php(210): CodeIgniter\Debug\Exceptions->errorHandler(2, 'Undefined array...', 'C:\\xampp\\htdocs...', 210)
#1 C:\xampp\htdocs\scm\system\View\View.php(214): include('C:\\xampp\\htdocs...')
#2 C:\xampp\htdocs\scm\system\View\View.php(217): CodeIgniter\View\View->CodeIgniter\View\{closure}()
#3 C:\xampp\htdocs\scm\system\Common.php(1097): CodeIgniter\View\View->render('wh', Array, true)
#4 C:\xampp\htdocs\scm\app\Controllers\Warehouse.php(27): view('wh', Array)
#5 C:\xampp\htdocs\scm\system\CodeIgniter.php(824): App\Controllers\Warehouse->index()
#6 C:\xampp\htdocs\scm\system\CodeIgniter.php(410): CodeIgniter\CodeIgniter->runController(Object(App\Controllers\Warehouse))
#7 C:\xampp\htdocs\scm\system\CodeIgniter.php(318): CodeIgniter\CodeIgniter->handleRequest(NULL, Object(Config\Cache), false)
#8 C:\xampp\htdocs\scm\public\index.php(37): CodeIgniter\CodeIgniter->run()
#9 {main}
CRITICAL - 2022-01-10 08:20:26 --> Undefined variable $query
#0 C:\xampp\htdocs\scm\app\Views\wh.php(6): CodeIgniter\Debug\Exceptions->errorHandler(2, 'Undefined varia...', 'C:\\xampp\\htdocs...', 6)
#1 C:\xampp\htdocs\scm\system\View\View.php(214): include('C:\\xampp\\htdocs...')
#2 C:\xampp\htdocs\scm\system\View\View.php(217): CodeIgniter\View\View->CodeIgniter\View\{closure}()
#3 C:\xampp\htdocs\scm\system\Common.php(1097): CodeIgniter\View\View->render('wh', Array, true)
#4 C:\xampp\htdocs\scm\app\Controllers\Warehouse.php(27): view('wh', Array)
#5 C:\xampp\htdocs\scm\system\CodeIgniter.php(824): App\Controllers\Warehouse->index()
#6 C:\xampp\htdocs\scm\system\CodeIgniter.php(410): CodeIgniter\CodeIgniter->runController(Object(App\Controllers\Warehouse))
#7 C:\xampp\htdocs\scm\system\CodeIgniter.php(318): CodeIgniter\CodeIgniter->handleRequest(NULL, Object(Config\Cache), false)
#8 C:\xampp\htdocs\scm\public\index.php(37): CodeIgniter\CodeIgniter->run()
#9 {main}
