CRITICAL - 2021-12-24 00:59:18 --> syntax error, unexpected single-quoted string "Customer::index", expecting ")"
#0 C:\xampp\htdocs\scm\system\CodeIgniter.php(359): CodeIgniter\CodeIgniter->tryToRouteIt(NULL)
#1 C:\xampp\htdocs\scm\system\CodeIgniter.php(318): CodeIgniter\CodeIgniter->handleRequest(NULL, Object(Config\Cache), false)
#2 C:\xampp\htdocs\scm\public\index.php(37): CodeIgniter\CodeIgniter->run()
#3 {main}
CRITICAL - 2021-12-24 00:59:39 --> syntax error, unexpected single-quoted string "Customer::tabel", expecting ")"
#0 C:\xampp\htdocs\scm\system\CodeIgniter.php(359): CodeIgniter\CodeIgniter->tryToRouteIt(NULL)
#1 C:\xampp\htdocs\scm\system\CodeIgniter.php(318): CodeIgniter\CodeIgniter->handleRequest(NULL, Object(Config\Cache), false)
#2 C:\xampp\htdocs\scm\public\index.php(37): CodeIgniter\CodeIgniter->run()
#3 {main}
CRITICAL - 2021-12-24 01:00:02 --> Call to undefined method App\Controllers\Customer::getCustomer()
#0 C:\xampp\htdocs\scm\system\CodeIgniter.php(824): App\Controllers\Customer->index()
#1 C:\xampp\htdocs\scm\system\CodeIgniter.php(410): CodeIgniter\CodeIgniter->runController(Object(App\Controllers\Customer))
#2 C:\xampp\htdocs\scm\system\CodeIgniter.php(318): CodeIgniter\CodeIgniter->handleRequest(NULL, Object(Config\Cache), false)
#3 C:\xampp\htdocs\scm\public\index.php(37): CodeIgniter\CodeIgniter->run()
#4 {main}
CRITICAL - 2021-12-24 01:01:08 --> Undefined property: App\Controllers\Customer::$CustModel
#0 C:\xampp\htdocs\scm\app\Controllers\Customer.php(11): CodeIgniter\Debug\Exceptions->errorHandler(2, 'Undefined prope...', 'C:\\xampp\\htdocs...', 11)
#1 C:\xampp\htdocs\scm\system\CodeIgniter.php(824): App\Controllers\Customer->index()
#2 C:\xampp\htdocs\scm\system\CodeIgniter.php(410): CodeIgniter\CodeIgniter->runController(Object(App\Controllers\Customer))
#3 C:\xampp\htdocs\scm\system\CodeIgniter.php(318): CodeIgniter\CodeIgniter->handleRequest(NULL, Object(Config\Cache), false)
#4 C:\xampp\htdocs\scm\public\index.php(37): CodeIgniter\CodeIgniter->run()
#5 {main}
CRITICAL - 2021-12-24 01:03:44 --> Undefined property: App\Controllers\Customer::$CustModel
#0 C:\xampp\htdocs\scm\app\Controllers\Customer.php(18): CodeIgniter\Debug\Exceptions->errorHandler(2, 'Undefined prope...', 'C:\\xampp\\htdocs...', 18)
#1 C:\xampp\htdocs\scm\system\CodeIgniter.php(824): App\Controllers\Customer->index()
#2 C:\xampp\htdocs\scm\system\CodeIgniter.php(410): CodeIgniter\CodeIgniter->runController(Object(App\Controllers\Customer))
#3 C:\xampp\htdocs\scm\system\CodeIgniter.php(318): CodeIgniter\CodeIgniter->handleRequest(NULL, Object(Config\Cache), false)
#4 C:\xampp\htdocs\scm\public\index.php(37): CodeIgniter\CodeIgniter->run()
#5 {main}
CRITICAL - 2021-12-24 01:05:23 --> Undefined variable $id
#0 C:\xampp\htdocs\scm\app\Controllers\Customer.php(20): CodeIgniter\Debug\Exceptions->errorHandler(2, 'Undefined varia...', 'C:\\xampp\\htdocs...', 20)
#1 C:\xampp\htdocs\scm\system\CodeIgniter.php(824): App\Controllers\Customer->index()
#2 C:\xampp\htdocs\scm\system\CodeIgniter.php(410): CodeIgniter\CodeIgniter->runController(Object(App\Controllers\Customer))
#3 C:\xampp\htdocs\scm\system\CodeIgniter.php(318): CodeIgniter\CodeIgniter->handleRequest(NULL, Object(Config\Cache), false)
#4 C:\xampp\htdocs\scm\public\index.php(37): CodeIgniter\CodeIgniter->run()
#5 {main}
CRITICAL - 2021-12-24 01:05:37 --> Too few arguments to function App\Controllers\Customer::index(), 0 passed in C:\xampp\htdocs\scm\system\CodeIgniter.php on line 824 and exactly 1 expected
#0 C:\xampp\htdocs\scm\system\CodeIgniter.php(824): App\Controllers\Customer->index()
#1 C:\xampp\htdocs\scm\system\CodeIgniter.php(410): CodeIgniter\CodeIgniter->runController(Object(App\Controllers\Customer))
#2 C:\xampp\htdocs\scm\system\CodeIgniter.php(318): CodeIgniter\CodeIgniter->handleRequest(NULL, Object(Config\Cache), false)
#3 C:\xampp\htdocs\scm\public\index.php(37): CodeIgniter\CodeIgniter->run()
#4 {main}
CRITICAL - 2021-12-24 01:27:04 --> Undefined variable $proyek
#0 C:\xampp\htdocs\scm\app\Views\index.php(20): CodeIgniter\Debug\Exceptions->errorHandler(2, 'Undefined varia...', 'C:\\xampp\\htdocs...', 20)
#1 C:\xampp\htdocs\scm\system\View\View.php(214): include('C:\\xampp\\htdocs...')
#2 C:\xampp\htdocs\scm\system\View\View.php(217): CodeIgniter\View\View->CodeIgniter\View\{closure}()
#3 C:\xampp\htdocs\scm\system\Common.php(1097): CodeIgniter\View\View->render('index', Array, true)
#4 C:\xampp\htdocs\scm\app\Controllers\Customer.php(23): view('index', Array)
#5 C:\xampp\htdocs\scm\system\CodeIgniter.php(824): App\Controllers\Customer->index()
#6 C:\xampp\htdocs\scm\system\CodeIgniter.php(410): CodeIgniter\CodeIgniter->runController(Object(App\Controllers\Customer))
#7 C:\xampp\htdocs\scm\system\CodeIgniter.php(318): CodeIgniter\CodeIgniter->handleRequest(NULL, Object(Config\Cache), false)
#8 C:\xampp\htdocs\scm\public\index.php(37): CodeIgniter\CodeIgniter->run()
#9 {main}
CRITICAL - 2021-12-24 01:32:27 --> Too few arguments to function CodeIgniter\View\View::renderSection(), 0 passed in C:\xampp\htdocs\scm\app\Views\layout\tampil.php on line 155 and exactly 1 expected
#0 C:\xampp\htdocs\scm\app\Views\layout\tampil.php(155): CodeIgniter\View\View->renderSection()
#1 C:\xampp\htdocs\scm\system\View\View.php(214): include('C:\\xampp\\htdocs...')
#2 C:\xampp\htdocs\scm\system\View\View.php(217): CodeIgniter\View\View->CodeIgniter\View\{closure}()
#3 C:\xampp\htdocs\scm\system\View\View.php(230): CodeIgniter\View\View->render('layout/tampil', Array, true)
#4 C:\xampp\htdocs\scm\system\Common.php(1097): CodeIgniter\View\View->render('index', Array, true)
#5 C:\xampp\htdocs\scm\app\Controllers\Customer.php(23): view('index', Array)
#6 C:\xampp\htdocs\scm\system\CodeIgniter.php(824): App\Controllers\Customer->index()
#7 C:\xampp\htdocs\scm\system\CodeIgniter.php(410): CodeIgniter\CodeIgniter->runController(Object(App\Controllers\Customer))
#8 C:\xampp\htdocs\scm\system\CodeIgniter.php(318): CodeIgniter\CodeIgniter->handleRequest(NULL, Object(Config\Cache), false)
#9 C:\xampp\htdocs\scm\public\index.php(37): CodeIgniter\CodeIgniter->run()
#10 {main}
CRITICAL - 2021-12-24 01:35:22 --> Too few arguments to function CodeIgniter\View\View::renderSection(), 0 passed in C:\xampp\htdocs\scm\app\Views\layout\tampil.php on line 155 and exactly 1 expected
#0 C:\xampp\htdocs\scm\app\Views\layout\tampil.php(155): CodeIgniter\View\View->renderSection()
#1 C:\xampp\htdocs\scm\system\View\View.php(214): include('C:\\xampp\\htdocs...')
#2 C:\xampp\htdocs\scm\system\View\View.php(217): CodeIgniter\View\View->CodeIgniter\View\{closure}()
#3 C:\xampp\htdocs\scm\system\View\View.php(230): CodeIgniter\View\View->render('layout/tampil', Array, true)
#4 C:\xampp\htdocs\scm\system\Common.php(1097): CodeIgniter\View\View->render('index', Array, true)
#5 C:\xampp\htdocs\scm\app\Controllers\Customer.php(23): view('index', Array)
#6 C:\xampp\htdocs\scm\system\CodeIgniter.php(824): App\Controllers\Customer->index()
#7 C:\xampp\htdocs\scm\system\CodeIgniter.php(410): CodeIgniter\CodeIgniter->runController(Object(App\Controllers\Customer))
#8 C:\xampp\htdocs\scm\system\CodeIgniter.php(318): CodeIgniter\CodeIgniter->handleRequest(NULL, Object(Config\Cache), false)
#9 C:\xampp\htdocs\scm\public\index.php(37): CodeIgniter\CodeIgniter->run()
#10 {main}
CRITICAL - 2021-12-24 01:35:24 --> Too few arguments to function CodeIgniter\View\View::renderSection(), 0 passed in C:\xampp\htdocs\scm\app\Views\layout\tampil.php on line 155 and exactly 1 expected
#0 C:\xampp\htdocs\scm\app\Views\layout\tampil.php(155): CodeIgniter\View\View->renderSection()
#1 C:\xampp\htdocs\scm\system\View\View.php(214): include('C:\\xampp\\htdocs...')
#2 C:\xampp\htdocs\scm\system\View\View.php(217): CodeIgniter\View\View->CodeIgniter\View\{closure}()
#3 C:\xampp\htdocs\scm\system\View\View.php(230): CodeIgniter\View\View->render('layout/tampil', Array, true)
#4 C:\xampp\htdocs\scm\system\Common.php(1097): CodeIgniter\View\View->render('index', Array, true)
#5 C:\xampp\htdocs\scm\app\Controllers\Customer.php(23): view('index', Array)
#6 C:\xampp\htdocs\scm\system\CodeIgniter.php(824): App\Controllers\Customer->index()
#7 C:\xampp\htdocs\scm\system\CodeIgniter.php(410): CodeIgniter\CodeIgniter->runController(Object(App\Controllers\Customer))
#8 C:\xampp\htdocs\scm\system\CodeIgniter.php(318): CodeIgniter\CodeIgniter->handleRequest(NULL, Object(Config\Cache), false)
#9 C:\xampp\htdocs\scm\public\index.php(37): CodeIgniter\CodeIgniter->run()
#10 {main}
CRITICAL - 2021-12-24 01:37:40 --> Too few arguments to function CodeIgniter\View\View::renderSection(), 0 passed in C:\xampp\htdocs\scm\app\Views\layout\tampil.php on line 155 and exactly 1 expected
#0 C:\xampp\htdocs\scm\app\Views\layout\tampil.php(155): CodeIgniter\View\View->renderSection()
#1 C:\xampp\htdocs\scm\system\View\View.php(214): include('C:\\xampp\\htdocs...')
#2 C:\xampp\htdocs\scm\system\View\View.php(217): CodeIgniter\View\View->CodeIgniter\View\{closure}()
#3 C:\xampp\htdocs\scm\system\View\View.php(230): CodeIgniter\View\View->render('layout/tampil', Array, true)
#4 C:\xampp\htdocs\scm\system\Common.php(1097): CodeIgniter\View\View->render('index', Array, true)
#5 C:\xampp\htdocs\scm\app\Controllers\Customer.php(23): view('index', Array)
#6 C:\xampp\htdocs\scm\system\CodeIgniter.php(824): App\Controllers\Customer->index()
#7 C:\xampp\htdocs\scm\system\CodeIgniter.php(410): CodeIgniter\CodeIgniter->runController(Object(App\Controllers\Customer))
#8 C:\xampp\htdocs\scm\system\CodeIgniter.php(318): CodeIgniter\CodeIgniter->handleRequest(NULL, Object(Config\Cache), false)
#9 C:\xampp\htdocs\scm\public\index.php(37): CodeIgniter\CodeIgniter->run()
#10 {main}
CRITICAL - 2021-12-24 01:39:16 --> Too few arguments to function CodeIgniter\View\View::renderSection(), 0 passed in C:\xampp\htdocs\scm\app\Views\layout\tampil.php on line 155 and exactly 1 expected
#0 C:\xampp\htdocs\scm\app\Views\layout\tampil.php(155): CodeIgniter\View\View->renderSection()
#1 C:\xampp\htdocs\scm\system\View\View.php(214): include('C:\\xampp\\htdocs...')
#2 C:\xampp\htdocs\scm\system\View\View.php(217): CodeIgniter\View\View->CodeIgniter\View\{closure}()
#3 C:\xampp\htdocs\scm\system\View\View.php(230): CodeIgniter\View\View->render('layout/tampil', Array, true)
#4 C:\xampp\htdocs\scm\system\Common.php(1097): CodeIgniter\View\View->render('index', Array, true)
#5 C:\xampp\htdocs\scm\app\Controllers\Customer.php(23): view('index', Array)
#6 C:\xampp\htdocs\scm\system\CodeIgniter.php(824): App\Controllers\Customer->index()
#7 C:\xampp\htdocs\scm\system\CodeIgniter.php(410): CodeIgniter\CodeIgniter->runController(Object(App\Controllers\Customer))
#8 C:\xampp\htdocs\scm\system\CodeIgniter.php(318): CodeIgniter\CodeIgniter->handleRequest(NULL, Object(Config\Cache), false)
#9 C:\xampp\htdocs\scm\public\index.php(37): CodeIgniter\CodeIgniter->run()
#10 {main}
CRITICAL - 2021-12-24 03:38:59 --> Too few arguments to function App\Controllers\Customer::detail(), 0 passed in C:\xampp\htdocs\scm\system\CodeIgniter.php on line 824 and exactly 1 expected
#0 C:\xampp\htdocs\scm\system\CodeIgniter.php(824): App\Controllers\Customer->detail()
#1 C:\xampp\htdocs\scm\system\CodeIgniter.php(410): CodeIgniter\CodeIgniter->runController(Object(App\Controllers\Customer))
#2 C:\xampp\htdocs\scm\system\CodeIgniter.php(318): CodeIgniter\CodeIgniter->handleRequest(NULL, Object(Config\Cache), false)
#3 C:\xampp\htdocs\scm\public\index.php(37): CodeIgniter\CodeIgniter->run()
#4 {main}
CRITICAL - 2021-12-24 03:39:16 --> Too few arguments to function App\Controllers\Customer::detail(), 0 passed in C:\xampp\htdocs\scm\system\CodeIgniter.php on line 824 and exactly 1 expected
#0 C:\xampp\htdocs\scm\system\CodeIgniter.php(824): App\Controllers\Customer->detail()
#1 C:\xampp\htdocs\scm\system\CodeIgniter.php(410): CodeIgniter\CodeIgniter->runController(Object(App\Controllers\Customer))
#2 C:\xampp\htdocs\scm\system\CodeIgniter.php(318): CodeIgniter\CodeIgniter->handleRequest(NULL, Object(Config\Cache), false)
#3 C:\xampp\htdocs\scm\public\index.php(37): CodeIgniter\CodeIgniter->run()
#4 {main}
CRITICAL - 2021-12-24 03:39:18 --> Too few arguments to function App\Controllers\Customer::detail(), 0 passed in C:\xampp\htdocs\scm\system\CodeIgniter.php on line 824 and exactly 1 expected
#0 C:\xampp\htdocs\scm\system\CodeIgniter.php(824): App\Controllers\Customer->detail()
#1 C:\xampp\htdocs\scm\system\CodeIgniter.php(410): CodeIgniter\CodeIgniter->runController(Object(App\Controllers\Customer))
#2 C:\xampp\htdocs\scm\system\CodeIgniter.php(318): CodeIgniter\CodeIgniter->handleRequest(NULL, Object(Config\Cache), false)
#3 C:\xampp\htdocs\scm\public\index.php(37): CodeIgniter\CodeIgniter->run()
#4 {main}
