CRITICAL - 2021-12-31 06:34:59 --> Undefined array key "nama_customer"
#0 C:\xampp\htdocs\scm\app\Controllers\Part.php(36): CodeIgniter\Debug\Exceptions->errorHandler(2, 'Undefined array...', 'C:\\xampp\\htdocs...', 36)
#1 C:\xampp\htdocs\scm\system\CodeIgniter.php(824): App\Controllers\Part->savepart()
#2 C:\xampp\htdocs\scm\system\CodeIgniter.php(410): CodeIgniter\CodeIgniter->runController(Object(App\Controllers\Part))
#3 C:\xampp\htdocs\scm\system\CodeIgniter.php(318): CodeIgniter\CodeIgniter->handleRequest(NULL, Object(Config\Cache), false)
#4 C:\xampp\htdocs\scm\public\index.php(37): CodeIgniter\CodeIgniter->run()
#5 {main}
CRITICAL - 2021-12-31 06:42:16 --> Undefined array key "nama_customer"
#0 C:\xampp\htdocs\scm\app\Controllers\Part.php(36): CodeIgniter\Debug\Exceptions->errorHandler(2, 'Undefined array...', 'C:\\xampp\\htdocs...', 36)
#1 C:\xampp\htdocs\scm\system\CodeIgniter.php(824): App\Controllers\Part->savepart()
#2 C:\xampp\htdocs\scm\system\CodeIgniter.php(410): CodeIgniter\CodeIgniter->runController(Object(App\Controllers\Part))
#3 C:\xampp\htdocs\scm\system\CodeIgniter.php(318): CodeIgniter\CodeIgniter->handleRequest(NULL, Object(Config\Cache), false)
#4 C:\xampp\htdocs\scm\public\index.php(37): CodeIgniter\CodeIgniter->run()
#5 {main}
CRITICAL - 2021-12-31 06:42:18 --> Undefined array key "nama_customer"
#0 C:\xampp\htdocs\scm\app\Controllers\Part.php(36): CodeIgniter\Debug\Exceptions->errorHandler(2, 'Undefined array...', 'C:\\xampp\\htdocs...', 36)
#1 C:\xampp\htdocs\scm\system\CodeIgniter.php(824): App\Controllers\Part->savepart()
#2 C:\xampp\htdocs\scm\system\CodeIgniter.php(410): CodeIgniter\CodeIgniter->runController(Object(App\Controllers\Part))
#3 C:\xampp\htdocs\scm\system\CodeIgniter.php(318): CodeIgniter\CodeIgniter->handleRequest(NULL, Object(Config\Cache), false)
#4 C:\xampp\htdocs\scm\public\index.php(37): CodeIgniter\CodeIgniter->run()
#5 {main}
CRITICAL - 2021-12-31 06:49:53 --> Call to a member function getRandomName() on null
#0 C:\xampp\htdocs\scm\system\CodeIgniter.php(824): App\Controllers\Part->savepart()
#1 C:\xampp\htdocs\scm\system\CodeIgniter.php(410): CodeIgniter\CodeIgniter->runController(Object(App\Controllers\Part))
#2 C:\xampp\htdocs\scm\system\CodeIgniter.php(318): CodeIgniter\CodeIgniter->handleRequest(NULL, Object(Config\Cache), false)
#3 C:\xampp\htdocs\scm\public\index.php(37): CodeIgniter\CodeIgniter->run()
#4 {main}
CRITICAL - 2021-12-31 06:50:58 --> Call to a member function getRandomName() on null
#0 C:\xampp\htdocs\scm\system\CodeIgniter.php(824): App\Controllers\Part->savepart()
#1 C:\xampp\htdocs\scm\system\CodeIgniter.php(410): CodeIgniter\CodeIgniter->runController(Object(App\Controllers\Part))
#2 C:\xampp\htdocs\scm\system\CodeIgniter.php(318): CodeIgniter\CodeIgniter->handleRequest(NULL, Object(Config\Cache), false)
#3 C:\xampp\htdocs\scm\public\index.php(37): CodeIgniter\CodeIgniter->run()
#4 {main}
CRITICAL - 2021-12-31 06:53:54 --> Undefined array key "nama_customer"
#0 C:\xampp\htdocs\scm\app\Controllers\Part.php(36): CodeIgniter\Debug\Exceptions->errorHandler(2, 'Undefined array...', 'C:\\xampp\\htdocs...', 36)
#1 C:\xampp\htdocs\scm\system\CodeIgniter.php(824): App\Controllers\Part->savepart()
#2 C:\xampp\htdocs\scm\system\CodeIgniter.php(410): CodeIgniter\CodeIgniter->runController(Object(App\Controllers\Part))
#3 C:\xampp\htdocs\scm\system\CodeIgniter.php(318): CodeIgniter\CodeIgniter->handleRequest(NULL, Object(Config\Cache), false)
#4 C:\xampp\htdocs\scm\public\index.php(37): CodeIgniter\CodeIgniter->run()
#5 {main}
CRITICAL - 2021-12-31 07:02:46 --> Call to undefined method App\Controllers\Part::getFile()
#0 C:\xampp\htdocs\scm\system\CodeIgniter.php(824): App\Controllers\Part->savepart()
#1 C:\xampp\htdocs\scm\system\CodeIgniter.php(410): CodeIgniter\CodeIgniter->runController(Object(App\Controllers\Part))
#2 C:\xampp\htdocs\scm\system\CodeIgniter.php(318): CodeIgniter\CodeIgniter->handleRequest(NULL, Object(Config\Cache), false)
#3 C:\xampp\htdocs\scm\public\index.php(37): CodeIgniter\CodeIgniter->run()
#4 {main}
